#
# There is insufficient memory for the Java Runtime Environment to continue.
# Native memory allocation (malloc) failed to allocate 1081712 bytes. Error detail: Chunk::new
# Possible reasons:
#   The system is out of physical RAM or swap space
#   This process is running with CompressedOops enabled, and the Java Heap may be blocking the growth of the native heap
# Possible solutions:
#   Reduce memory load on the system
#   Increase physical memory or swap space
#   Check if swap backing store is full
#   Decrease Java heap size (-Xmx/-Xms)
#   Decrease number of Java threads
#   Decrease Java thread stack sizes (-Xss)
#   Set larger code cache with -XX:ReservedCodeCacheSize=
#   JVM is running with Unscaled Compressed Oops mode in which the Java heap is
#     placed in the first 4GB address space. The Java Heap base address is the
#     maximum limit for the native heap growth. Please use -XX:HeapBaseMinAddress
#     to set the Java Heap base and to place the Java Heap above 4GB virtual address.
# This output file may be truncated or incomplete.
#
#  Out of Memory Error (arena.cpp:191), pid=33036, tid=29128
#
# JRE version: OpenJDK Runtime Environment Temurin-17.0.16+8 (17.0.16+8) (build 17.0.16+8)
# Java VM: OpenJDK 64-Bit Server VM Temurin-17.0.16+8 (17.0.16+8, mixed mode, sharing, tiered, compressed oops, compressed class ptrs, g1 gc, windows-amd64)
# No core dump will be written. Minidumps are not enabled by default on client versions of Windows
#

---------------  S U M M A R Y ------------

Command Line: --add-opens=java.base/java.lang=ALL-UNNAMED --add-opens=java.base/java.lang.invoke=ALL-UNNAMED --add-opens=java.base/java.util=ALL-UNNAMED --add-opens=java.prefs/java.util.prefs=ALL-UNNAMED --add-exports=jdk.compiler/com.sun.tools.javac.api=ALL-UNNAMED --add-exports=jdk.compiler/com.sun.tools.javac.util=ALL-UNNAMED --add-opens=java.base/java.util=ALL-UNNAMED --add-opens=java.prefs/java.util.prefs=ALL-UNNAMED --add-opens=java.base/java.nio.charset=ALL-UNNAMED --add-opens=java.base/java.net=ALL-UNNAMED --add-opens=java.base/java.util.concurrent.atomic=ALL-UNNAMED --add-opens=java.xml/javax.xml.namespace=ALL-UNNAMED -XX:MaxMetaspaceSize=384m -XX:+HeapDumpOnOutOfMemoryError -Xms256m -Xmx512m -Dfile.encoding=UTF-8 -Duser.country=IN -Duser.language=en -Duser.variant -javaagent:C:\Users\User\.gradle\wrapper\dists\gradle-8.14.3-bin\cv11ve7ro1n3o1j4so8xd9n66\gradle-8.14.3\lib\agents\gradle-instrumentation-agent-8.14.3.jar org.gradle.launcher.daemon.bootstrap.GradleDaemon 8.14.3

Host: AMD Ryzen 3 3250U with Radeon Graphics         , 4 cores, 3G,  Windows 11 , 64 bit Build 26100 (10.0.26100.5074)
Time: Sun Sep 28 19:34:57 2025 India Standard Time elapsed time: 53.338329 seconds (0d 0h 0m 53s)

---------------  T H R E A D  ---------------

Current thread (0x00000287a5c30a30):  JavaThread "C2 CompilerThread0" daemon [_thread_in_native, id=29128, stack(0x000000ff29f00000,0x000000ff2a000000)]


Current CompileTask:
C2:  53338 3444   !   4       jdk.internal.loader.URLClassPath$JarLoader::getResource (354 bytes)

Stack: [0x000000ff29f00000,0x000000ff2a000000]
Native frames: (J=compiled Java code, j=interpreted, Vv=VM code, C=native code)
V  [jvm.dll+0x683169]
V  [jvm.dll+0x839ac8]
V  [jvm.dll+0x83b573]
V  [jvm.dll+0x83bbe3]
V  [jvm.dll+0x2473ff]
V  [jvm.dll+0xace94]
V  [jvm.dll+0xad52c]
V  [jvm.dll+0x365e0e]
V  [jvm.dll+0x32fff8]
V  [jvm.dll+0x32f47a]
V  [jvm.dll+0x21831f]
V  [jvm.dll+0x21775f]
V  [jvm.dll+0x1a32a0]
V  [jvm.dll+0x227b3c]
V  [jvm.dll+0x225ccb]
V  [jvm.dll+0x7ef2d8]
V  [jvm.dll+0x7e979c]
V  [jvm.dll+0x682047]
C  [ucrtbase.dll+0x37b0]
C  [KERNEL32.DLL+0x2e8d7]
C  [ntdll.dll+0x8d9c]


---------------  P R O C E S S  ---------------

Threads class SMR info:
_java_thread_list=0x00000287c131a2e0, length=34, elements={
0x0000028789bdba10, 0x00000287a5c1ba20, 0x00000287a5c1c4f0, 0x00000287a5c27f80,
0x00000287a5c2a860, 0x00000287a5c2d540, 0x00000287a5c2ee20, 0x00000287a5c30a30,
0x00000287a5c31340, 0x00000287bf030020, 0x00000287bf0b76c0, 0x00000287bf1c2b20,
0x00000287c05e9290, 0x00000287c06ec470, 0x00000287c09c1560, 0x00000287c0abd030,
0x00000287c0abd8e0, 0x00000287bf1762e0, 0x00000287bf175dd0, 0x00000287bf174480,
0x00000287bf1767f0, 0x00000287bf177c30, 0x00000287bf176d00, 0x00000287bf1753b0,
0x00000287bf177210, 0x00000287c24011c0, 0x00000287c2400290, 0x00000287c2400cb0,
0x00000287c23fe940, 0x00000287c23ffd80, 0x00000287c24016d0, 0x00000287c23fdf20,
0x00000287c23fee50, 0x00000287c23ff360
}

Java Threads: ( => current thread )
  0x0000028789bdba10 JavaThread "main" [_thread_blocked, id=4112, stack(0x000000ff29200000,0x000000ff29300000)]
  0x00000287a5c1ba20 JavaThread "Reference Handler" daemon [_thread_blocked, id=35260, stack(0x000000ff29900000,0x000000ff29a00000)]
  0x00000287a5c1c4f0 JavaThread "Finalizer" daemon [_thread_blocked, id=31076, stack(0x000000ff29a00000,0x000000ff29b00000)]
  0x00000287a5c27f80 JavaThread "Signal Dispatcher" daemon [_thread_blocked, id=20564, stack(0x000000ff29b00000,0x000000ff29c00000)]
  0x00000287a5c2a860 JavaThread "Attach Listener" daemon [_thread_blocked, id=23620, stack(0x000000ff29c00000,0x000000ff29d00000)]
  0x00000287a5c2d540 JavaThread "Service Thread" daemon [_thread_blocked, id=24440, stack(0x000000ff29d00000,0x000000ff29e00000)]
  0x00000287a5c2ee20 JavaThread "Monitor Deflation Thread" daemon [_thread_blocked, id=35140, stack(0x000000ff29e00000,0x000000ff29f00000)]
=>0x00000287a5c30a30 JavaThread "C2 CompilerThread0" daemon [_thread_in_native, id=29128, stack(0x000000ff29f00000,0x000000ff2a000000)]
  0x00000287a5c31340 JavaThread "C1 CompilerThread0" daemon [_thread_blocked, id=19176, stack(0x000000ff2a000000,0x000000ff2a100000)]
  0x00000287bf030020 JavaThread "Sweeper thread" daemon [_thread_blocked, id=33196, stack(0x000000ff2a100000,0x000000ff2a200000)]
  0x00000287bf0b76c0 JavaThread "Common-Cleaner" daemon [_thread_blocked, id=16788, stack(0x000000ff2a200000,0x000000ff2a300000)]
  0x00000287bf1c2b20 JavaThread "Notification Thread" daemon [_thread_blocked, id=19688, stack(0x000000ff2a300000,0x000000ff2a400000)]
  0x00000287c05e9290 JavaThread "Daemon health stats" [_thread_blocked, id=25700, stack(0x000000ff2a800000,0x000000ff2a900000)]
  0x00000287c06ec470 JavaThread "Incoming local TCP Connector on port 61433" [_thread_in_native, id=1184, stack(0x000000ff2a900000,0x000000ff2aa00000)]
  0x00000287c09c1560 JavaThread "Daemon periodic checks" [_thread_blocked, id=21460, stack(0x000000ff2aa00000,0x000000ff2ab00000)]
  0x00000287c0abd030 JavaThread "Daemon" [_thread_blocked, id=18188, stack(0x000000ff2ab00000,0x000000ff2ac00000)]
  0x00000287c0abd8e0 JavaThread "Handler for socket connection from /127.0.0.1:61433 to /127.0.0.1:61434" [_thread_in_native, id=22624, stack(0x000000ff2ac00000,0x000000ff2ad00000)]
  0x00000287bf1762e0 JavaThread "Cancel handler" [_thread_blocked, id=8944, stack(0x000000ff2ad00000,0x000000ff2ae00000)]
  0x00000287bf175dd0 JavaThread "Daemon worker" [_thread_in_Java, id=4708, stack(0x000000ff2ae00000,0x000000ff2af00000)]
  0x00000287bf174480 JavaThread "Asynchronous log dispatcher for DefaultDaemonConnection: socket connection from /127.0.0.1:61433 to /127.0.0.1:61434" [_thread_blocked, id=20244, stack(0x000000ff2af00000,0x000000ff2b000000)]
  0x00000287bf1767f0 JavaThread "Stdin handler" [_thread_blocked, id=10376, stack(0x000000ff2b000000,0x000000ff2b100000)]
  0x00000287bf177c30 JavaThread "Daemon client event forwarder" [_thread_blocked, id=26956, stack(0x000000ff2b100000,0x000000ff2b200000)]
  0x00000287bf176d00 JavaThread "Cache worker for journal cache (C:\Users\User\.gradle\caches\journal-1)" [_thread_blocked, id=11400, stack(0x000000ff2b200000,0x000000ff2b300000)]
  0x00000287bf1753b0 JavaThread "File lock request listener" [_thread_in_native, id=35496, stack(0x000000ff2b300000,0x000000ff2b400000)]
  0x00000287bf177210 JavaThread "Cache worker for file hash cache (C:\Users\User\.gradle\caches\8.14.3\fileHashes)" [_thread_blocked, id=31140, stack(0x000000ff2b400000,0x000000ff2b500000)]
  0x00000287c24011c0 JavaThread "File lock release action executor" [_thread_blocked, id=21452, stack(0x000000ff29100000,0x000000ff29200000)]
  0x00000287c2400290 JavaThread "Cache worker for file hash cache (C:\dheeshi\projects\MiniVid\api-gateway\.gradle\8.14.3\fileHashes)" [_thread_blocked, id=30548, stack(0x000000ff2b500000,0x000000ff2b600000)]
  0x00000287c2400cb0 JavaThread "Cache worker for Build Output Cleanup Cache (C:\dheeshi\projects\MiniVid\api-gateway\.gradle\buildOutputCleanup)" [_thread_blocked, id=22036, stack(0x000000ff2b600000,0x000000ff2b700000)]
  0x00000287c23fe940 JavaThread "File watcher server" daemon [_thread_in_native, id=7972, stack(0x000000ff2b800000,0x000000ff2b900000)]
  0x00000287c23ffd80 JavaThread "File watcher consumer" daemon [_thread_blocked, id=7036, stack(0x000000ff2b900000,0x000000ff2ba00000)]
  0x00000287c24016d0 JavaThread "jar transforms" [_thread_blocked, id=32804, stack(0x000000ff2ba00000,0x000000ff2bb00000)]
  0x00000287c23fdf20 JavaThread "jar transforms Thread 2" [_thread_blocked, id=34948, stack(0x000000ff2bb00000,0x000000ff2bc00000)]
  0x00000287c23fee50 JavaThread "jar transforms Thread 3" [_thread_blocked, id=11056, stack(0x000000ff2bc00000,0x000000ff2bd00000)]
  0x00000287c23ff360 JavaThread "jar transforms Thread 4" [_thread_blocked, id=26004, stack(0x000000ff2bd00000,0x000000ff2be00000)]

Other Threads:
  0x00000287a5c17290 VMThread "VM Thread" [stack: 0x000000ff29800000,0x000000ff29900000] [id=22732]
  0x0000028789bdc540 WatcherThread [stack: 0x000000ff2a400000,0x000000ff2a500000] [id=26036]
  0x0000028789c08300 GCTaskThread "GC Thread#0" [stack: 0x000000ff29300000,0x000000ff29400000] [id=32032]
  0x00000287bf255740 GCTaskThread "GC Thread#1" [stack: 0x000000ff2a500000,0x000000ff2a600000] [id=2032]
  0x00000287bf14b530 GCTaskThread "GC Thread#2" [stack: 0x000000ff2a600000,0x000000ff2a700000] [id=3812]
  0x00000287bf14b7f0 GCTaskThread "GC Thread#3" [stack: 0x000000ff2a700000,0x000000ff2a800000] [id=21752]
  0x0000028789c0d160 ConcurrentGCThread "G1 Main Marker" [stack: 0x000000ff29400000,0x000000ff29500000] [id=19320]
  0x0000028789c0da90 ConcurrentGCThread "G1 Conc#0" [stack: 0x000000ff29500000,0x000000ff29600000] [id=4648]
  0x0000028789c8d2e0 ConcurrentGCThread "G1 Refine#0" [stack: 0x000000ff29600000,0x000000ff29700000] [id=31196]
  0x00000287c1aa7c30 ConcurrentGCThread "G1 Refine#1" [stack: 0x000000ff2b700000,0x000000ff2b800000] [id=28984]
  0x0000028789c8ec30 ConcurrentGCThread "G1 Service" [stack: 0x000000ff29700000,0x000000ff29800000] [id=9124]

Threads with active compile tasks:
C2 CompilerThread0    53409 3444   !   4       jdk.internal.loader.URLClassPath$JarLoader::getResource (354 bytes)

VM state: not at safepoint (normal execution)

VM Mutex/Monitor currently owned by a thread: None

Heap address: 0x00000000e0000000, size: 512 MB, Compressed Oops mode: 32-bit

CDS archive(s) mapped at: [0x00000287a6000000-0x00000287a6bb0000-0x00000287a6bb0000), size 12255232, SharedBaseAddress: 0x00000287a6000000, ArchiveRelocationMode: 1.
Compressed class space mapped at: 0x00000287a7000000-0x00000287bb000000, reserved size: 335544320
Narrow klass base: 0x00000287a6000000, Narrow klass shift: 0, Narrow klass range: 0x100000000

GC Precious Log:
 CPUs: 4 total, 4 available
 Memory: 3521M
 Large Page Support: Disabled
 NUMA Support: Disabled
 Compressed Oops: Enabled (32-bit)
 Heap Region Size: 1M
 Heap Min Capacity: 256M
 Heap Initial Capacity: 256M
 Heap Max Capacity: 512M
 Pre-touch: Disabled
 Parallel Workers: 4
 Concurrent Workers: 1
 Concurrent Refinement Workers: 4
 Periodic GC: Disabled

Heap:
 garbage-first heap   total 262144K, used 100605K [0x00000000e0000000, 0x0000000100000000)
  region size 1024K, 52 young (53248K), 3 survivors (3072K)
 Metaspace       used 26579K, committed 27008K, reserved 393216K
  class space    used 3933K, committed 4160K, reserved 327680K

Heap Regions: E=young(eden), S=young(survivor), O=old, HS=humongous(starts), HC=humongous(continues), CS=collection set, F=free, OA=open archive, CA=closed archive, TAMS=top-at-mark-start (previous, next)
|   0|0x00000000e0000000, 0x00000000e0100000, 0x00000000e0100000|100%|HS|  |TAMS 0x00000000e0100000, 0x00000000e0000000| Complete 
|   1|0x00000000e0100000, 0x00000000e0200000, 0x00000000e0200000|100%|HC|  |TAMS 0x00000000e0200000, 0x00000000e0100000| Complete 
|   2|0x00000000e0200000, 0x00000000e0300000, 0x00000000e0300000|100%|HC|  |TAMS 0x00000000e0300000, 0x00000000e0200000| Complete 
|   3|0x00000000e0300000, 0x00000000e0400000, 0x00000000e0400000|100%| O|  |TAMS 0x00000000e0400000, 0x00000000e0300000| Untracked 
|   4|0x00000000e0400000, 0x00000000e0500000, 0x00000000e0500000|100%| O|  |TAMS 0x00000000e0500000, 0x00000000e0400000| Complete 
|   5|0x00000000e0500000, 0x00000000e0600000, 0x00000000e0600000|100%| O|  |TAMS 0x00000000e0600000, 0x00000000e0500000| Untracked 
|   6|0x00000000e0600000, 0x00000000e0700000, 0x00000000e0700000|100%| O|  |TAMS 0x00000000e06bac00, 0x00000000e0600000| Untracked 
|   7|0x00000000e0700000, 0x00000000e0800000, 0x00000000e0800000|100%|HS|  |TAMS 0x00000000e0800000, 0x00000000e0700000| Complete 
|   8|0x00000000e0800000, 0x00000000e0900000, 0x00000000e0900000|100%| O|  |TAMS 0x00000000e0800000, 0x00000000e0800000| Untracked 
|   9|0x00000000e0900000, 0x00000000e0a00000, 0x00000000e0a00000|100%| O|  |TAMS 0x00000000e0900000, 0x00000000e0900000| Untracked 
|  10|0x00000000e0a00000, 0x00000000e0b00000, 0x00000000e0b00000|100%| O|  |TAMS 0x00000000e0a00000, 0x00000000e0a00000| Untracked 
|  11|0x00000000e0b00000, 0x00000000e0c00000, 0x00000000e0c00000|100%| O|  |TAMS 0x00000000e0b00000, 0x00000000e0b00000| Untracked 
|  12|0x00000000e0c00000, 0x00000000e0d00000, 0x00000000e0d00000|100%| O|  |TAMS 0x00000000e0c00000, 0x00000000e0c00000| Untracked 
|  13|0x00000000e0d00000, 0x00000000e0e00000, 0x00000000e0e00000|100%| O|  |TAMS 0x00000000e0d00000, 0x00000000e0d00000| Untracked 
|  14|0x00000000e0e00000, 0x00000000e0f00000, 0x00000000e0f00000|100%| O|  |TAMS 0x00000000e0e00000, 0x00000000e0e00000| Untracked 
|  15|0x00000000e0f00000, 0x00000000e1000000, 0x00000000e1000000|100%| O|  |TAMS 0x00000000e0f00000, 0x00000000e0f00000| Untracked 
|  16|0x00000000e1000000, 0x00000000e1100000, 0x00000000e1100000|100%| O|  |TAMS 0x00000000e1000000, 0x00000000e1000000| Untracked 
|  17|0x00000000e1100000, 0x00000000e1200000, 0x00000000e1200000|100%| O|  |TAMS 0x00000000e1100000, 0x00000000e1100000| Untracked 
|  18|0x00000000e1200000, 0x00000000e1300000, 0x00000000e1300000|100%| O|  |TAMS 0x00000000e1200000, 0x00000000e1200000| Untracked 
|  19|0x00000000e1300000, 0x00000000e1400000, 0x00000000e1400000|100%| O|  |TAMS 0x00000000e1300000, 0x00000000e1300000| Untracked 
|  20|0x00000000e1400000, 0x00000000e1500000, 0x00000000e1500000|100%| O|  |TAMS 0x00000000e1400000, 0x00000000e1400000| Untracked 
|  21|0x00000000e1500000, 0x00000000e15d6000, 0x00000000e1600000| 83%| O|  |TAMS 0x00000000e1500000, 0x00000000e1500000| Untracked 
|  22|0x00000000e1600000, 0x00000000e1700000, 0x00000000e1700000|100%|HS|  |TAMS 0x00000000e1600000, 0x00000000e1600000| Complete 
|  23|0x00000000e1700000, 0x00000000e1800000, 0x00000000e1800000|100%|HC|  |TAMS 0x00000000e1700000, 0x00000000e1700000| Complete 
|  24|0x00000000e1800000, 0x00000000e1900000, 0x00000000e1900000|100%|HC|  |TAMS 0x00000000e1800000, 0x00000000e1800000| Complete 
|  25|0x00000000e1900000, 0x00000000e1a00000, 0x00000000e1a00000|100%|HC|  |TAMS 0x00000000e1900000, 0x00000000e1900000| Complete 
|  26|0x00000000e1a00000, 0x00000000e1b00000, 0x00000000e1b00000|100%|HC|  |TAMS 0x00000000e1a00000, 0x00000000e1a00000| Complete 
|  27|0x00000000e1b00000, 0x00000000e1c00000, 0x00000000e1c00000|100%|HC|  |TAMS 0x00000000e1b00000, 0x00000000e1b00000| Complete 
|  28|0x00000000e1c00000, 0x00000000e1d00000, 0x00000000e1d00000|100%|HS|  |TAMS 0x00000000e1c00000, 0x00000000e1c00000| Complete 
|  29|0x00000000e1d00000, 0x00000000e1e00000, 0x00000000e1e00000|100%|HS|  |TAMS 0x00000000e1d00000, 0x00000000e1d00000| Complete 
|  30|0x00000000e1e00000, 0x00000000e1f00000, 0x00000000e1f00000|100%|HC|  |TAMS 0x00000000e1e00000, 0x00000000e1e00000| Complete 
|  31|0x00000000e1f00000, 0x00000000e2000000, 0x00000000e2000000|100%|HS|  |TAMS 0x00000000e1f00000, 0x00000000e1f00000| Complete 
|  32|0x00000000e2000000, 0x00000000e2100000, 0x00000000e2100000|100%|HS|  |TAMS 0x00000000e2000000, 0x00000000e2000000| Complete 
|  33|0x00000000e2100000, 0x00000000e2200000, 0x00000000e2200000|100%|HC|  |TAMS 0x00000000e2100000, 0x00000000e2100000| Complete 
|  34|0x00000000e2200000, 0x00000000e2300000, 0x00000000e2300000|100%|HC|  |TAMS 0x00000000e2200000, 0x00000000e2200000| Complete 
|  35|0x00000000e2300000, 0x00000000e2400000, 0x00000000e2400000|100%|HS|  |TAMS 0x00000000e2300000, 0x00000000e2300000| Complete 
|  36|0x00000000e2400000, 0x00000000e2500000, 0x00000000e2500000|100%|HC|  |TAMS 0x00000000e2400000, 0x00000000e2400000| Complete 
|  37|0x00000000e2500000, 0x00000000e2600000, 0x00000000e2600000|100%|HC|  |TAMS 0x00000000e2500000, 0x00000000e2500000| Complete 
|  38|0x00000000e2600000, 0x00000000e2700000, 0x00000000e2700000|100%|HC|  |TAMS 0x00000000e2600000, 0x00000000e2600000| Complete 
|  39|0x00000000e2700000, 0x00000000e2800000, 0x00000000e2800000|100%|HC|  |TAMS 0x00000000e2700000, 0x00000000e2700000| Complete 
|  40|0x00000000e2800000, 0x00000000e2900000, 0x00000000e2900000|100%|HC|  |TAMS 0x00000000e2800000, 0x00000000e2800000| Complete 
|  41|0x00000000e2900000, 0x00000000e2a00000, 0x00000000e2a00000|100%|HS|  |TAMS 0x00000000e2900000, 0x00000000e2900000| Complete 
|  42|0x00000000e2a00000, 0x00000000e2b00000, 0x00000000e2b00000|100%|HS|  |TAMS 0x00000000e2a00000, 0x00000000e2a00000| Complete 
|  43|0x00000000e2b00000, 0x00000000e2c00000, 0x00000000e2c00000|100%|HC|  |TAMS 0x00000000e2b00000, 0x00000000e2b00000| Complete 
|  44|0x00000000e2c00000, 0x00000000e2d00000, 0x00000000e2d00000|100%|HS|  |TAMS 0x00000000e2c00000, 0x00000000e2c00000| Complete 
|  45|0x00000000e2d00000, 0x00000000e2e00000, 0x00000000e2e00000|100%|HS|  |TAMS 0x00000000e2d00000, 0x00000000e2d00000| Complete 
|  46|0x00000000e2e00000, 0x00000000e2f00000, 0x00000000e2f00000|100%|HC|  |TAMS 0x00000000e2e00000, 0x00000000e2e00000| Complete 
|  47|0x00000000e2f00000, 0x00000000e3000000, 0x00000000e3000000|100%|HC|  |TAMS 0x00000000e2f00000, 0x00000000e2f00000| Complete 
|  48|0x00000000e3000000, 0x00000000e3000000, 0x00000000e3100000|  0%| F|  |TAMS 0x00000000e3000000, 0x00000000e3000000| Untracked 
|  49|0x00000000e3100000, 0x00000000e3100000, 0x00000000e3200000|  0%| F|  |TAMS 0x00000000e3100000, 0x00000000e3100000| Untracked 
|  50|0x00000000e3200000, 0x00000000e3200000, 0x00000000e3300000|  0%| F|  |TAMS 0x00000000e3200000, 0x00000000e3200000| Untracked 
|  51|0x00000000e3300000, 0x00000000e3300000, 0x00000000e3400000|  0%| F|  |TAMS 0x00000000e3300000, 0x00000000e3300000| Untracked 
|  52|0x00000000e3400000, 0x00000000e3400000, 0x00000000e3500000|  0%| F|  |TAMS 0x00000000e3400000, 0x00000000e3400000| Untracked 
|  53|0x00000000e3500000, 0x00000000e3500000, 0x00000000e3600000|  0%| F|  |TAMS 0x00000000e3500000, 0x00000000e3500000| Untracked 
|  54|0x00000000e3600000, 0x00000000e3600000, 0x00000000e3700000|  0%| F|  |TAMS 0x00000000e3600000, 0x00000000e3600000| Untracked 
|  55|0x00000000e3700000, 0x00000000e3700000, 0x00000000e3800000|  0%| F|  |TAMS 0x00000000e3700000, 0x00000000e3700000| Untracked 
|  56|0x00000000e3800000, 0x00000000e3800000, 0x00000000e3900000|  0%| F|  |TAMS 0x00000000e3800000, 0x00000000e3800000| Untracked 
|  57|0x00000000e3900000, 0x00000000e3900000, 0x00000000e3a00000|  0%| F|  |TAMS 0x00000000e3900000, 0x00000000e3900000| Untracked 
|  58|0x00000000e3a00000, 0x00000000e3a00000, 0x00000000e3b00000|  0%| F|  |TAMS 0x00000000e3a00000, 0x00000000e3a00000| Untracked 
|  59|0x00000000e3b00000, 0x00000000e3b00000, 0x00000000e3c00000|  0%| F|  |TAMS 0x00000000e3b00000, 0x00000000e3b00000| Untracked 
|  60|0x00000000e3c00000, 0x00000000e3c00000, 0x00000000e3d00000|  0%| F|  |TAMS 0x00000000e3c00000, 0x00000000e3c00000| Untracked 
|  61|0x00000000e3d00000, 0x00000000e3d00000, 0x00000000e3e00000|  0%| F|  |TAMS 0x00000000e3d00000, 0x00000000e3d00000| Untracked 
|  62|0x00000000e3e00000, 0x00000000e3e00000, 0x00000000e3f00000|  0%| F|  |TAMS 0x00000000e3e00000, 0x00000000e3e00000| Untracked 
|  63|0x00000000e3f00000, 0x00000000e3f00000, 0x00000000e4000000|  0%| F|  |TAMS 0x00000000e3f00000, 0x00000000e3f00000| Untracked 
|  64|0x00000000e4000000, 0x00000000e4000000, 0x00000000e4100000|  0%| F|  |TAMS 0x00000000e4000000, 0x00000000e4000000| Untracked 
|  65|0x00000000e4100000, 0x00000000e4100000, 0x00000000e4200000|  0%| F|  |TAMS 0x00000000e4100000, 0x00000000e4100000| Untracked 
|  66|0x00000000e4200000, 0x00000000e4200000, 0x00000000e4300000|  0%| F|  |TAMS 0x00000000e4200000, 0x00000000e4200000| Untracked 
|  67|0x00000000e4300000, 0x00000000e4300000, 0x00000000e4400000|  0%| F|  |TAMS 0x00000000e4300000, 0x00000000e4300000| Untracked 
|  68|0x00000000e4400000, 0x00000000e4400000, 0x00000000e4500000|  0%| F|  |TAMS 0x00000000e4400000, 0x00000000e4400000| Untracked 
|  69|0x00000000e4500000, 0x00000000e4500000, 0x00000000e4600000|  0%| F|  |TAMS 0x00000000e4500000, 0x00000000e4500000| Untracked 
|  70|0x00000000e4600000, 0x00000000e4600000, 0x00000000e4700000|  0%| F|  |TAMS 0x00000000e4600000, 0x00000000e4600000| Untracked 
|  71|0x00000000e4700000, 0x00000000e4700000, 0x00000000e4800000|  0%| F|  |TAMS 0x00000000e4700000, 0x00000000e4700000| Untracked 
|  72|0x00000000e4800000, 0x00000000e4800000, 0x00000000e4900000|  0%| F|  |TAMS 0x00000000e4800000, 0x00000000e4800000| Untracked 
|  73|0x00000000e4900000, 0x00000000e4900000, 0x00000000e4a00000|  0%| F|  |TAMS 0x00000000e4900000, 0x00000000e4900000| Untracked 
|  74|0x00000000e4a00000, 0x00000000e4a00000, 0x00000000e4b00000|  0%| F|  |TAMS 0x00000000e4a00000, 0x00000000e4a00000| Untracked 
|  75|0x00000000e4b00000, 0x00000000e4b00000, 0x00000000e4c00000|  0%| F|  |TAMS 0x00000000e4b00000, 0x00000000e4b00000| Untracked 
|  76|0x00000000e4c00000, 0x00000000e4c00000, 0x00000000e4d00000|  0%| F|  |TAMS 0x00000000e4c00000, 0x00000000e4c00000| Untracked 
|  77|0x00000000e4d00000, 0x00000000e4d00000, 0x00000000e4e00000|  0%| F|  |TAMS 0x00000000e4d00000, 0x00000000e4d00000| Untracked 
|  78|0x00000000e4e00000, 0x00000000e4e00000, 0x00000000e4f00000|  0%| F|  |TAMS 0x00000000e4e00000, 0x00000000e4e00000| Untracked 
|  79|0x00000000e4f00000, 0x00000000e4f00000, 0x00000000e5000000|  0%| F|  |TAMS 0x00000000e4f00000, 0x00000000e4f00000| Untracked 
|  80|0x00000000e5000000, 0x00000000e5000000, 0x00000000e5100000|  0%| F|  |TAMS 0x00000000e5000000, 0x00000000e5000000| Untracked 
|  81|0x00000000e5100000, 0x00000000e5100000, 0x00000000e5200000|  0%| F|  |TAMS 0x00000000e5100000, 0x00000000e5100000| Untracked 
|  82|0x00000000e5200000, 0x00000000e5200000, 0x00000000e5300000|  0%| F|  |TAMS 0x00000000e5200000, 0x00000000e5200000| Untracked 
|  83|0x00000000e5300000, 0x00000000e5300000, 0x00000000e5400000|  0%| F|  |TAMS 0x00000000e5300000, 0x00000000e5300000| Untracked 
|  84|0x00000000e5400000, 0x00000000e5400000, 0x00000000e5500000|  0%| F|  |TAMS 0x00000000e5400000, 0x00000000e5400000| Untracked 
|  85|0x00000000e5500000, 0x00000000e5500000, 0x00000000e5600000|  0%| F|  |TAMS 0x00000000e5500000, 0x00000000e5500000| Untracked 
|  86|0x00000000e5600000, 0x00000000e5600000, 0x00000000e5700000|  0%| F|  |TAMS 0x00000000e5600000, 0x00000000e5600000| Untracked 
|  87|0x00000000e5700000, 0x00000000e5700000, 0x00000000e5800000|  0%| F|  |TAMS 0x00000000e5700000, 0x00000000e5700000| Untracked 
|  88|0x00000000e5800000, 0x00000000e5800000, 0x00000000e5900000|  0%| F|  |TAMS 0x00000000e5800000, 0x00000000e5800000| Untracked 
|  89|0x00000000e5900000, 0x00000000e5900000, 0x00000000e5a00000|  0%| F|  |TAMS 0x00000000e5900000, 0x00000000e5900000| Untracked 
|  90|0x00000000e5a00000, 0x00000000e5a00000, 0x00000000e5b00000|  0%| F|  |TAMS 0x00000000e5a00000, 0x00000000e5a00000| Untracked 
|  91|0x00000000e5b00000, 0x00000000e5b00000, 0x00000000e5c00000|  0%| F|  |TAMS 0x00000000e5b00000, 0x00000000e5b00000| Untracked 
|  92|0x00000000e5c00000, 0x00000000e5c00000, 0x00000000e5d00000|  0%| F|  |TAMS 0x00000000e5c00000, 0x00000000e5c00000| Untracked 
|  93|0x00000000e5d00000, 0x00000000e5d00000, 0x00000000e5e00000|  0%| F|  |TAMS 0x00000000e5d00000, 0x00000000e5d00000| Untracked 
|  94|0x00000000e5e00000, 0x00000000e5e00000, 0x00000000e5f00000|  0%| F|  |TAMS 0x00000000e5e00000, 0x00000000e5e00000| Untracked 
|  95|0x00000000e5f00000, 0x00000000e5f00000, 0x00000000e6000000|  0%| F|  |TAMS 0x00000000e5f00000, 0x00000000e5f00000| Untracked 
|  96|0x00000000e6000000, 0x00000000e6000000, 0x00000000e6100000|  0%| F|  |TAMS 0x00000000e6000000, 0x00000000e6000000| Untracked 
|  97|0x00000000e6100000, 0x00000000e6100000, 0x00000000e6200000|  0%| F|  |TAMS 0x00000000e6100000, 0x00000000e6100000| Untracked 
|  98|0x00000000e6200000, 0x00000000e6200000, 0x00000000e6300000|  0%| F|  |TAMS 0x00000000e6200000, 0x00000000e6200000| Untracked 
|  99|0x00000000e6300000, 0x00000000e6300000, 0x00000000e6400000|  0%| F|  |TAMS 0x00000000e6300000, 0x00000000e6300000| Untracked 
| 100|0x00000000e6400000, 0x00000000e6400000, 0x00000000e6500000|  0%| F|  |TAMS 0x00000000e6400000, 0x00000000e6400000| Untracked 
| 101|0x00000000e6500000, 0x00000000e6500000, 0x00000000e6600000|  0%| F|  |TAMS 0x00000000e6500000, 0x00000000e6500000| Untracked 
| 102|0x00000000e6600000, 0x00000000e6600000, 0x00000000e6700000|  0%| F|  |TAMS 0x00000000e6600000, 0x00000000e6600000| Untracked 
| 103|0x00000000e6700000, 0x00000000e6700000, 0x00000000e6800000|  0%| F|  |TAMS 0x00000000e6700000, 0x00000000e6700000| Untracked 
| 104|0x00000000e6800000, 0x00000000e6800000, 0x00000000e6900000|  0%| F|  |TAMS 0x00000000e6800000, 0x00000000e6800000| Untracked 
| 105|0x00000000e6900000, 0x00000000e6900000, 0x00000000e6a00000|  0%| F|  |TAMS 0x00000000e6900000, 0x00000000e6900000| Untracked 
| 106|0x00000000e6a00000, 0x00000000e6a00000, 0x00000000e6b00000|  0%| F|  |TAMS 0x00000000e6a00000, 0x00000000e6a00000| Untracked 
| 107|0x00000000e6b00000, 0x00000000e6b00000, 0x00000000e6c00000|  0%| F|  |TAMS 0x00000000e6b00000, 0x00000000e6b00000| Untracked 
| 108|0x00000000e6c00000, 0x00000000e6c00000, 0x00000000e6d00000|  0%| F|  |TAMS 0x00000000e6c00000, 0x00000000e6c00000| Untracked 
| 109|0x00000000e6d00000, 0x00000000e6d00000, 0x00000000e6e00000|  0%| F|  |TAMS 0x00000000e6d00000, 0x00000000e6d00000| Untracked 
| 110|0x00000000e6e00000, 0x00000000e6e00000, 0x00000000e6f00000|  0%| F|  |TAMS 0x00000000e6e00000, 0x00000000e6e00000| Untracked 
| 111|0x00000000e6f00000, 0x00000000e6f00000, 0x00000000e7000000|  0%| F|  |TAMS 0x00000000e6f00000, 0x00000000e6f00000| Untracked 
| 112|0x00000000e7000000, 0x00000000e7000000, 0x00000000e7100000|  0%| F|  |TAMS 0x00000000e7000000, 0x00000000e7000000| Untracked 
| 113|0x00000000e7100000, 0x00000000e7100000, 0x00000000e7200000|  0%| F|  |TAMS 0x00000000e7100000, 0x00000000e7100000| Untracked 
| 114|0x00000000e7200000, 0x00000000e7200000, 0x00000000e7300000|  0%| F|  |TAMS 0x00000000e7200000, 0x00000000e7200000| Untracked 
| 115|0x00000000e7300000, 0x00000000e7300000, 0x00000000e7400000|  0%| F|  |TAMS 0x00000000e7300000, 0x00000000e7300000| Untracked 
| 116|0x00000000e7400000, 0x00000000e7400000, 0x00000000e7500000|  0%| F|  |TAMS 0x00000000e7400000, 0x00000000e7400000| Untracked 
| 117|0x00000000e7500000, 0x00000000e7500000, 0x00000000e7600000|  0%| F|  |TAMS 0x00000000e7500000, 0x00000000e7500000| Untracked 
| 118|0x00000000e7600000, 0x00000000e7600000, 0x00000000e7700000|  0%| F|  |TAMS 0x00000000e7600000, 0x00000000e7600000| Untracked 
| 119|0x00000000e7700000, 0x00000000e7700000, 0x00000000e7800000|  0%| F|  |TAMS 0x00000000e7700000, 0x00000000e7700000| Untracked 
| 120|0x00000000e7800000, 0x00000000e7800000, 0x00000000e7900000|  0%| F|  |TAMS 0x00000000e7800000, 0x00000000e7800000| Untracked 
| 121|0x00000000e7900000, 0x00000000e7900000, 0x00000000e7a00000|  0%| F|  |TAMS 0x00000000e7900000, 0x00000000e7900000| Untracked 
| 122|0x00000000e7a00000, 0x00000000e7a00000, 0x00000000e7b00000|  0%| F|  |TAMS 0x00000000e7a00000, 0x00000000e7a00000| Untracked 
| 123|0x00000000e7b00000, 0x00000000e7b00000, 0x00000000e7c00000|  0%| F|  |TAMS 0x00000000e7b00000, 0x00000000e7b00000| Untracked 
| 124|0x00000000e7c00000, 0x00000000e7c00000, 0x00000000e7d00000|  0%| F|  |TAMS 0x00000000e7c00000, 0x00000000e7c00000| Untracked 
| 125|0x00000000e7d00000, 0x00000000e7d00000, 0x00000000e7e00000|  0%| F|  |TAMS 0x00000000e7d00000, 0x00000000e7d00000| Untracked 
| 126|0x00000000e7e00000, 0x00000000e7e00000, 0x00000000e7f00000|  0%| F|  |TAMS 0x00000000e7e00000, 0x00000000e7e00000| Untracked 
| 127|0x00000000e7f00000, 0x00000000e7f00000, 0x00000000e8000000|  0%| F|  |TAMS 0x00000000e7f00000, 0x00000000e7f00000| Untracked 
| 128|0x00000000e8000000, 0x00000000e8000000, 0x00000000e8100000|  0%| F|  |TAMS 0x00000000e8000000, 0x00000000e8000000| Untracked 
| 129|0x00000000e8100000, 0x00000000e8100000, 0x00000000e8200000|  0%| F|  |TAMS 0x00000000e8100000, 0x00000000e8100000| Untracked 
| 130|0x00000000e8200000, 0x00000000e8200000, 0x00000000e8300000|  0%| F|  |TAMS 0x00000000e8200000, 0x00000000e8200000| Untracked 
| 131|0x00000000e8300000, 0x00000000e8300000, 0x00000000e8400000|  0%| F|  |TAMS 0x00000000e8300000, 0x00000000e8300000| Untracked 
| 132|0x00000000e8400000, 0x00000000e8400000, 0x00000000e8500000|  0%| F|  |TAMS 0x00000000e8400000, 0x00000000e8400000| Untracked 
| 133|0x00000000e8500000, 0x00000000e8500000, 0x00000000e8600000|  0%| F|  |TAMS 0x00000000e8500000, 0x00000000e8500000| Untracked 
| 134|0x00000000e8600000, 0x00000000e8600000, 0x00000000e8700000|  0%| F|  |TAMS 0x00000000e8600000, 0x00000000e8600000| Untracked 
| 135|0x00000000e8700000, 0x00000000e8700000, 0x00000000e8800000|  0%| F|  |TAMS 0x00000000e8700000, 0x00000000e8700000| Untracked 
| 136|0x00000000e8800000, 0x00000000e8800000, 0x00000000e8900000|  0%| F|  |TAMS 0x00000000e8800000, 0x00000000e8800000| Untracked 
| 137|0x00000000e8900000, 0x00000000e8900000, 0x00000000e8a00000|  0%| F|  |TAMS 0x00000000e8900000, 0x00000000e8900000| Untracked 
| 138|0x00000000e8a00000, 0x00000000e8a00000, 0x00000000e8b00000|  0%| F|  |TAMS 0x00000000e8a00000, 0x00000000e8a00000| Untracked 
| 139|0x00000000e8b00000, 0x00000000e8b00000, 0x00000000e8c00000|  0%| F|  |TAMS 0x00000000e8b00000, 0x00000000e8b00000| Untracked 
| 140|0x00000000e8c00000, 0x00000000e8c00000, 0x00000000e8d00000|  0%| F|  |TAMS 0x00000000e8c00000, 0x00000000e8c00000| Untracked 
| 141|0x00000000e8d00000, 0x00000000e8d00000, 0x00000000e8e00000|  0%| F|  |TAMS 0x00000000e8d00000, 0x00000000e8d00000| Untracked 
| 142|0x00000000e8e00000, 0x00000000e8e00000, 0x00000000e8f00000|  0%| F|  |TAMS 0x00000000e8e00000, 0x00000000e8e00000| Untracked 
| 143|0x00000000e8f00000, 0x00000000e8f00000, 0x00000000e9000000|  0%| F|  |TAMS 0x00000000e8f00000, 0x00000000e8f00000| Untracked 
| 144|0x00000000e9000000, 0x00000000e9000000, 0x00000000e9100000|  0%| F|  |TAMS 0x00000000e9000000, 0x00000000e9000000| Untracked 
| 145|0x00000000e9100000, 0x00000000e9100000, 0x00000000e9200000|  0%| F|  |TAMS 0x00000000e9100000, 0x00000000e9100000| Untracked 
| 146|0x00000000e9200000, 0x00000000e9200000, 0x00000000e9300000|  0%| F|  |TAMS 0x00000000e9200000, 0x00000000e9200000| Untracked 
| 147|0x00000000e9300000, 0x00000000e9300000, 0x00000000e9400000|  0%| F|  |TAMS 0x00000000e9300000, 0x00000000e9300000| Untracked 
| 148|0x00000000e9400000, 0x00000000e9400000, 0x00000000e9500000|  0%| F|  |TAMS 0x00000000e9400000, 0x00000000e9400000| Untracked 
| 149|0x00000000e9500000, 0x00000000e9500000, 0x00000000e9600000|  0%| F|  |TAMS 0x00000000e9500000, 0x00000000e9500000| Untracked 
| 150|0x00000000e9600000, 0x00000000e9600000, 0x00000000e9700000|  0%| F|  |TAMS 0x00000000e9600000, 0x00000000e9600000| Untracked 
| 151|0x00000000e9700000, 0x00000000e9700000, 0x00000000e9800000|  0%| F|  |TAMS 0x00000000e9700000, 0x00000000e9700000| Untracked 
| 152|0x00000000e9800000, 0x00000000e9800000, 0x00000000e9900000|  0%| F|  |TAMS 0x00000000e9800000, 0x00000000e9800000| Untracked 
| 153|0x00000000e9900000, 0x00000000e9900000, 0x00000000e9a00000|  0%| F|  |TAMS 0x00000000e9900000, 0x00000000e9900000| Untracked 
| 154|0x00000000e9a00000, 0x00000000e9a00000, 0x00000000e9b00000|  0%| F|  |TAMS 0x00000000e9a00000, 0x00000000e9a00000| Untracked 
| 155|0x00000000e9b00000, 0x00000000e9b00000, 0x00000000e9c00000|  0%| F|  |TAMS 0x00000000e9b00000, 0x00000000e9b00000| Untracked 
| 156|0x00000000e9c00000, 0x00000000e9c00000, 0x00000000e9d00000|  0%| F|  |TAMS 0x00000000e9c00000, 0x00000000e9c00000| Untracked 
| 157|0x00000000e9d00000, 0x00000000e9d00000, 0x00000000e9e00000|  0%| F|  |TAMS 0x00000000e9d00000, 0x00000000e9d00000| Untracked 
| 158|0x00000000e9e00000, 0x00000000e9e00000, 0x00000000e9f00000|  0%| F|  |TAMS 0x00000000e9e00000, 0x00000000e9e00000| Untracked 
| 159|0x00000000e9f00000, 0x00000000e9f00000, 0x00000000ea000000|  0%| F|  |TAMS 0x00000000e9f00000, 0x00000000e9f00000| Untracked 
| 160|0x00000000ea000000, 0x00000000ea000000, 0x00000000ea100000|  0%| F|  |TAMS 0x00000000ea000000, 0x00000000ea000000| Untracked 
| 161|0x00000000ea100000, 0x00000000ea100000, 0x00000000ea200000|  0%| F|  |TAMS 0x00000000ea100000, 0x00000000ea100000| Untracked 
| 162|0x00000000ea200000, 0x00000000ea200000, 0x00000000ea300000|  0%| F|  |TAMS 0x00000000ea200000, 0x00000000ea200000| Untracked 
| 163|0x00000000ea300000, 0x00000000ea300000, 0x00000000ea400000|  0%| F|  |TAMS 0x00000000ea300000, 0x00000000ea300000| Untracked 
| 164|0x00000000ea400000, 0x00000000ea400000, 0x00000000ea500000|  0%| F|  |TAMS 0x00000000ea400000, 0x00000000ea400000| Untracked 
| 165|0x00000000ea500000, 0x00000000ea500000, 0x00000000ea600000|  0%| F|  |TAMS 0x00000000ea500000, 0x00000000ea500000| Untracked 
| 166|0x00000000ea600000, 0x00000000ea600000, 0x00000000ea700000|  0%| F|  |TAMS 0x00000000ea600000, 0x00000000ea600000| Untracked 
| 167|0x00000000ea700000, 0x00000000ea700000, 0x00000000ea800000|  0%| F|  |TAMS 0x00000000ea700000, 0x00000000ea700000| Untracked 
| 168|0x00000000ea800000, 0x00000000ea800000, 0x00000000ea900000|  0%| F|  |TAMS 0x00000000ea800000, 0x00000000ea800000| Untracked 
| 169|0x00000000ea900000, 0x00000000ea900000, 0x00000000eaa00000|  0%| F|  |TAMS 0x00000000ea900000, 0x00000000ea900000| Untracked 
| 170|0x00000000eaa00000, 0x00000000eaa00000, 0x00000000eab00000|  0%| F|  |TAMS 0x00000000eaa00000, 0x00000000eaa00000| Untracked 
| 171|0x00000000eab00000, 0x00000000eab00000, 0x00000000eac00000|  0%| F|  |TAMS 0x00000000eab00000, 0x00000000eab00000| Untracked 
| 172|0x00000000eac00000, 0x00000000eac00000, 0x00000000ead00000|  0%| F|  |TAMS 0x00000000eac00000, 0x00000000eac00000| Untracked 
| 173|0x00000000ead00000, 0x00000000ead00000, 0x00000000eae00000|  0%| F|  |TAMS 0x00000000ead00000, 0x00000000ead00000| Untracked 
| 174|0x00000000eae00000, 0x00000000eae00000, 0x00000000eaf00000|  0%| F|  |TAMS 0x00000000eae00000, 0x00000000eae00000| Untracked 
| 175|0x00000000eaf00000, 0x00000000eaf00000, 0x00000000eb000000|  0%| F|  |TAMS 0x00000000eaf00000, 0x00000000eaf00000| Untracked 
| 176|0x00000000eb000000, 0x00000000eb000000, 0x00000000eb100000|  0%| F|  |TAMS 0x00000000eb000000, 0x00000000eb000000| Untracked 
| 177|0x00000000eb100000, 0x00000000eb100000, 0x00000000eb200000|  0%| F|  |TAMS 0x00000000eb100000, 0x00000000eb100000| Untracked 
| 178|0x00000000eb200000, 0x00000000eb200000, 0x00000000eb300000|  0%| F|  |TAMS 0x00000000eb200000, 0x00000000eb200000| Untracked 
| 179|0x00000000eb300000, 0x00000000eb300000, 0x00000000eb400000|  0%| F|  |TAMS 0x00000000eb300000, 0x00000000eb300000| Untracked 
| 180|0x00000000eb400000, 0x00000000eb400000, 0x00000000eb500000|  0%| F|  |TAMS 0x00000000eb400000, 0x00000000eb400000| Untracked 
| 181|0x00000000eb500000, 0x00000000eb500000, 0x00000000eb600000|  0%| F|  |TAMS 0x00000000eb500000, 0x00000000eb500000| Untracked 
| 182|0x00000000eb600000, 0x00000000eb600000, 0x00000000eb700000|  0%| F|  |TAMS 0x00000000eb600000, 0x00000000eb600000| Untracked 
| 183|0x00000000eb700000, 0x00000000eb700000, 0x00000000eb800000|  0%| F|  |TAMS 0x00000000eb700000, 0x00000000eb700000| Untracked 
| 184|0x00000000eb800000, 0x00000000eb800000, 0x00000000eb900000|  0%| F|  |TAMS 0x00000000eb800000, 0x00000000eb800000| Untracked 
| 185|0x00000000eb900000, 0x00000000eb900000, 0x00000000eba00000|  0%| F|  |TAMS 0x00000000eb900000, 0x00000000eb900000| Untracked 
| 186|0x00000000eba00000, 0x00000000eba00000, 0x00000000ebb00000|  0%| F|  |TAMS 0x00000000eba00000, 0x00000000eba00000| Untracked 
| 187|0x00000000ebb00000, 0x00000000ebb00000, 0x00000000ebc00000|  0%| F|  |TAMS 0x00000000ebb00000, 0x00000000ebb00000| Untracked 
| 188|0x00000000ebc00000, 0x00000000ebc00000, 0x00000000ebd00000|  0%| F|  |TAMS 0x00000000ebc00000, 0x00000000ebc00000| Untracked 
| 189|0x00000000ebd00000, 0x00000000ebd00000, 0x00000000ebe00000|  0%| F|  |TAMS 0x00000000ebd00000, 0x00000000ebd00000| Untracked 
| 190|0x00000000ebe00000, 0x00000000ebe00000, 0x00000000ebf00000|  0%| F|  |TAMS 0x00000000ebe00000, 0x00000000ebe00000| Untracked 
| 191|0x00000000ebf00000, 0x00000000ebf00000, 0x00000000ec000000|  0%| F|  |TAMS 0x00000000ebf00000, 0x00000000ebf00000| Untracked 
| 192|0x00000000ec000000, 0x00000000ec000000, 0x00000000ec100000|  0%| F|  |TAMS 0x00000000ec000000, 0x00000000ec000000| Untracked 
| 193|0x00000000ec100000, 0x00000000ec100000, 0x00000000ec200000|  0%| F|  |TAMS 0x00000000ec100000, 0x00000000ec100000| Untracked 
| 194|0x00000000ec200000, 0x00000000ec200000, 0x00000000ec300000|  0%| F|  |TAMS 0x00000000ec200000, 0x00000000ec200000| Untracked 
| 195|0x00000000ec300000, 0x00000000ec300000, 0x00000000ec400000|  0%| F|  |TAMS 0x00000000ec300000, 0x00000000ec300000| Untracked 
| 196|0x00000000ec400000, 0x00000000ec400000, 0x00000000ec500000|  0%| F|  |TAMS 0x00000000ec400000, 0x00000000ec400000| Untracked 
| 197|0x00000000ec500000, 0x00000000ec500000, 0x00000000ec600000|  0%| F|  |TAMS 0x00000000ec500000, 0x00000000ec500000| Untracked 
| 198|0x00000000ec600000, 0x00000000ec600000, 0x00000000ec700000|  0%| F|  |TAMS 0x00000000ec600000, 0x00000000ec600000| Untracked 
| 199|0x00000000ec700000, 0x00000000ec700000, 0x00000000ec800000|  0%| F|  |TAMS 0x00000000ec700000, 0x00000000ec700000| Untracked 
| 200|0x00000000ec800000, 0x00000000ec800000, 0x00000000ec900000|  0%| F|  |TAMS 0x00000000ec800000, 0x00000000ec800000| Untracked 
| 201|0x00000000ec900000, 0x00000000ec900000, 0x00000000eca00000|  0%| F|  |TAMS 0x00000000ec900000, 0x00000000ec900000| Untracked 
| 202|0x00000000eca00000, 0x00000000eca00000, 0x00000000ecb00000|  0%| F|  |TAMS 0x00000000eca00000, 0x00000000eca00000| Untracked 
| 203|0x00000000ecb00000, 0x00000000ecb00000, 0x00000000ecc00000|  0%| F|  |TAMS 0x00000000ecb00000, 0x00000000ecb00000| Untracked 
| 204|0x00000000ecc00000, 0x00000000ecc80000, 0x00000000ecd00000| 50%| E|  |TAMS 0x00000000ecc00000, 0x00000000ecc00000| Complete 
| 205|0x00000000ecd00000, 0x00000000ece00000, 0x00000000ece00000|100%| E|CS|TAMS 0x00000000ecd00000, 0x00000000ecd00000| Complete 
| 206|0x00000000ece00000, 0x00000000ecf00000, 0x00000000ecf00000|100%| E|CS|TAMS 0x00000000ece00000, 0x00000000ece00000| Complete 
| 207|0x00000000ecf00000, 0x00000000ed000000, 0x00000000ed000000|100%| E|CS|TAMS 0x00000000ecf00000, 0x00000000ecf00000| Complete 
| 208|0x00000000ed000000, 0x00000000ed100000, 0x00000000ed100000|100%| E|CS|TAMS 0x00000000ed000000, 0x00000000ed000000| Complete 
| 209|0x00000000ed100000, 0x00000000ed200000, 0x00000000ed200000|100%| E|CS|TAMS 0x00000000ed100000, 0x00000000ed100000| Complete 
| 210|0x00000000ed200000, 0x00000000ed300000, 0x00000000ed300000|100%| E|CS|TAMS 0x00000000ed200000, 0x00000000ed200000| Complete 
| 211|0x00000000ed300000, 0x00000000ed400000, 0x00000000ed400000|100%| E|CS|TAMS 0x00000000ed300000, 0x00000000ed300000| Complete 
| 212|0x00000000ed400000, 0x00000000ed500000, 0x00000000ed500000|100%| E|CS|TAMS 0x00000000ed400000, 0x00000000ed400000| Complete 
| 213|0x00000000ed500000, 0x00000000ed600000, 0x00000000ed600000|100%| E|CS|TAMS 0x00000000ed500000, 0x00000000ed500000| Complete 
| 214|0x00000000ed600000, 0x00000000ed700000, 0x00000000ed700000|100%| E|CS|TAMS 0x00000000ed600000, 0x00000000ed600000| Complete 
| 215|0x00000000ed700000, 0x00000000ed800000, 0x00000000ed800000|100%| E|CS|TAMS 0x00000000ed700000, 0x00000000ed700000| Complete 
| 216|0x00000000ed800000, 0x00000000ed900000, 0x00000000ed900000|100%| E|CS|TAMS 0x00000000ed800000, 0x00000000ed800000| Complete 
| 217|0x00000000ed900000, 0x00000000eda00000, 0x00000000eda00000|100%| E|CS|TAMS 0x00000000ed900000, 0x00000000ed900000| Complete 
| 218|0x00000000eda00000, 0x00000000edb00000, 0x00000000edb00000|100%| E|CS|TAMS 0x00000000eda00000, 0x00000000eda00000| Complete 
| 219|0x00000000edb00000, 0x00000000edc00000, 0x00000000edc00000|100%| E|CS|TAMS 0x00000000edb00000, 0x00000000edb00000| Complete 
| 220|0x00000000edc00000, 0x00000000edd00000, 0x00000000edd00000|100%| E|CS|TAMS 0x00000000edc00000, 0x00000000edc00000| Complete 
| 221|0x00000000edd00000, 0x00000000ede00000, 0x00000000ede00000|100%| E|CS|TAMS 0x00000000edd00000, 0x00000000edd00000| Complete 
| 222|0x00000000ede00000, 0x00000000edf00000, 0x00000000edf00000|100%| E|CS|TAMS 0x00000000ede00000, 0x00000000ede00000| Complete 
| 223|0x00000000edf00000, 0x00000000ee000000, 0x00000000ee000000|100%| E|CS|TAMS 0x00000000edf00000, 0x00000000edf00000| Complete 
| 224|0x00000000ee000000, 0x00000000ee100000, 0x00000000ee100000|100%| E|CS|TAMS 0x00000000ee000000, 0x00000000ee000000| Complete 
| 225|0x00000000ee100000, 0x00000000ee1694c8, 0x00000000ee200000| 41%| S|CS|TAMS 0x00000000ee100000, 0x00000000ee100000| Complete 
| 226|0x00000000ee200000, 0x00000000ee300000, 0x00000000ee300000|100%| S|CS|TAMS 0x00000000ee200000, 0x00000000ee200000| Complete 
| 227|0x00000000ee300000, 0x00000000ee400000, 0x00000000ee400000|100%| S|CS|TAMS 0x00000000ee300000, 0x00000000ee300000| Complete 
| 228|0x00000000ee400000, 0x00000000ee500000, 0x00000000ee500000|100%| E|CS|TAMS 0x00000000ee400000, 0x00000000ee400000| Complete 
| 229|0x00000000ee500000, 0x00000000ee600000, 0x00000000ee600000|100%| E|CS|TAMS 0x00000000ee500000, 0x00000000ee500000| Complete 
| 230|0x00000000ee600000, 0x00000000ee700000, 0x00000000ee700000|100%| E|CS|TAMS 0x00000000ee600000, 0x00000000ee600000| Complete 
| 231|0x00000000ee700000, 0x00000000ee800000, 0x00000000ee800000|100%| E|CS|TAMS 0x00000000ee700000, 0x00000000ee700000| Complete 
| 232|0x00000000ee800000, 0x00000000ee900000, 0x00000000ee900000|100%| E|CS|TAMS 0x00000000ee800000, 0x00000000ee800000| Complete 
| 233|0x00000000ee900000, 0x00000000eea00000, 0x00000000eea00000|100%| E|CS|TAMS 0x00000000ee900000, 0x00000000ee900000| Complete 
| 234|0x00000000eea00000, 0x00000000eeb00000, 0x00000000eeb00000|100%| E|CS|TAMS 0x00000000eea00000, 0x00000000eea00000| Complete 
| 235|0x00000000eeb00000, 0x00000000eec00000, 0x00000000eec00000|100%| E|CS|TAMS 0x00000000eeb00000, 0x00000000eeb00000| Complete 
| 236|0x00000000eec00000, 0x00000000eed00000, 0x00000000eed00000|100%| E|CS|TAMS 0x00000000eec00000, 0x00000000eec00000| Complete 
| 237|0x00000000eed00000, 0x00000000eee00000, 0x00000000eee00000|100%| E|CS|TAMS 0x00000000eed00000, 0x00000000eed00000| Complete 
| 238|0x00000000eee00000, 0x00000000eef00000, 0x00000000eef00000|100%| E|CS|TAMS 0x00000000eee00000, 0x00000000eee00000| Complete 
| 239|0x00000000eef00000, 0x00000000ef000000, 0x00000000ef000000|100%| E|CS|TAMS 0x00000000eef00000, 0x00000000eef00000| Complete 
| 240|0x00000000ef000000, 0x00000000ef100000, 0x00000000ef100000|100%| E|CS|TAMS 0x00000000ef000000, 0x00000000ef000000| Complete 
| 241|0x00000000ef100000, 0x00000000ef200000, 0x00000000ef200000|100%| E|CS|TAMS 0x00000000ef100000, 0x00000000ef100000| Complete 
| 242|0x00000000ef200000, 0x00000000ef300000, 0x00000000ef300000|100%| E|CS|TAMS 0x00000000ef200000, 0x00000000ef200000| Complete 
| 243|0x00000000ef300000, 0x00000000ef400000, 0x00000000ef400000|100%| E|CS|TAMS 0x00000000ef300000, 0x00000000ef300000| Complete 
| 244|0x00000000ef400000, 0x00000000ef500000, 0x00000000ef500000|100%| E|CS|TAMS 0x00000000ef400000, 0x00000000ef400000| Complete 
| 245|0x00000000ef500000, 0x00000000ef600000, 0x00000000ef600000|100%| E|CS|TAMS 0x00000000ef500000, 0x00000000ef500000| Complete 
| 246|0x00000000ef600000, 0x00000000ef700000, 0x00000000ef700000|100%| E|CS|TAMS 0x00000000ef600000, 0x00000000ef600000| Complete 
| 247|0x00000000ef700000, 0x00000000ef800000, 0x00000000ef800000|100%| E|CS|TAMS 0x00000000ef700000, 0x00000000ef700000| Complete 
| 248|0x00000000ef800000, 0x00000000ef900000, 0x00000000ef900000|100%| E|CS|TAMS 0x00000000ef800000, 0x00000000ef800000| Complete 
| 249|0x00000000ef900000, 0x00000000efa00000, 0x00000000efa00000|100%| E|CS|TAMS 0x00000000ef900000, 0x00000000ef900000| Complete 
| 250|0x00000000efa00000, 0x00000000efb00000, 0x00000000efb00000|100%| E|CS|TAMS 0x00000000efa00000, 0x00000000efa00000| Complete 
| 251|0x00000000efb00000, 0x00000000efc00000, 0x00000000efc00000|100%| E|CS|TAMS 0x00000000efb00000, 0x00000000efb00000| Complete 
| 252|0x00000000efc00000, 0x00000000efd00000, 0x00000000efd00000|100%| E|CS|TAMS 0x00000000efc00000, 0x00000000efc00000| Complete 
| 253|0x00000000efd00000, 0x00000000efe00000, 0x00000000efe00000|100%| E|CS|TAMS 0x00000000efd00000, 0x00000000efd00000| Complete 
| 254|0x00000000efe00000, 0x00000000eff00000, 0x00000000eff00000|100%| E|CS|TAMS 0x00000000efe00000, 0x00000000efe00000| Complete 
| 255|0x00000000eff00000, 0x00000000f0000000, 0x00000000f0000000|100%| E|CS|TAMS 0x00000000eff00000, 0x00000000eff00000| Complete 

Card table byte_map: [0x00000287a2420000,0x00000287a2520000] _byte_map_base: 0x00000287a1d20000

Marking Bits (Prev, Next): (CMBitMap*) 0x0000028789c08870, (CMBitMap*) 0x0000028789c08830
 Prev Bits: [0x00000287a2e20000, 0x00000287a3620000)
 Next Bits: [0x00000287a2620000, 0x00000287a2e20000)

Polling page: 0x0000028789970000

Metaspace:

Usage:
  Non-class:     22.12 MB used.
      Class:      3.84 MB used.
       Both:     25.96 MB used.

Virtual space:
  Non-class space:       64.00 MB reserved,      22.31 MB ( 35%) committed,  1 nodes.
      Class space:      320.00 MB reserved,       4.06 MB (  1%) committed,  1 nodes.
             Both:      384.00 MB reserved,      26.38 MB (  7%) committed. 

Chunk freelists:
   Non-Class:  9.00 MB
       Class:  11.98 MB
        Both:  20.98 MB

MaxMetaspaceSize: 384.00 MB
CompressedClassSpaceSize: 320.00 MB
Initial GC threshold: 21.00 MB
Current GC threshold: 35.12 MB
CDS: on
MetaspaceReclaimPolicy: balanced
 - commit_granule_bytes: 65536.
 - commit_granule_words: 8192.
 - virtual_space_node_default_size: 8388608.
 - enlarge_chunks_in_place: 1.
 - new_chunks_are_fully_committed: 0.
 - uncommit_free_chunks: 1.
 - use_allocation_guard: 0.
 - handle_deallocations: 1.


Internal statistics:

num_allocs_failed_limit: 3.
num_arena_births: 430.
num_arena_deaths: 0.
num_vsnodes_births: 2.
num_vsnodes_deaths: 0.
num_space_committed: 422.
num_space_uncommitted: 0.
num_chunks_returned_to_freelist: 3.
num_chunks_taken_from_freelist: 1513.
num_chunk_merges: 0.
num_chunk_splits: 953.
num_chunks_enlarged: 625.
num_inconsistent_stats: 0.

CodeHeap 'non-profiled nmethods': size=120000Kb used=2062Kb max_used=2062Kb free=117937Kb
 bounds [0x000002879a7c0000, 0x000002879aa30000, 0x00000287a1cf0000]
CodeHeap 'profiled nmethods': size=120000Kb used=7215Kb max_used=7215Kb free=112784Kb
 bounds [0x0000028792cf0000, 0x0000028793400000, 0x000002879a220000]
CodeHeap 'non-nmethods': size=5760Kb used=1253Kb max_used=1290Kb free=4506Kb
 bounds [0x000002879a220000, 0x000002879a490000, 0x000002879a7c0000]
 total_blobs=4007 nmethods=3444 adapters=475
 compilation: enabled
              stopped_count=0, restarted_count=0
 full_count=0

Compilation events (20 events):
Event: 53.092 Thread 0x00000287a5c31340 nmethod 3436 0x00000287933f5e90 code [0x00000287933f6040, 0x00000287933f6318]
Event: 53.092 Thread 0x00000287a5c31340 3435       3       java.util.jar.JarEntry::<init> (6 bytes)
Event: 53.092 Thread 0x00000287a5c31340 nmethod 3435 0x00000287933f6490 code [0x00000287933f6640, 0x00000287933f6788]
Event: 53.093 Thread 0x00000287a5c31340 3437       3       java.util.zip.ZipUtils::CENCRC (9 bytes)
Event: 53.093 Thread 0x00000287a5c31340 nmethod 3437 0x00000287933f6810 code [0x00000287933f69c0, 0x00000287933f6c98]
Event: 53.093 Thread 0x00000287a5c31340 3438       3       java.util.zip.ZipUtils::CENVEM_FA (8 bytes)
Event: 53.093 Thread 0x00000287a5c31340 nmethod 3438 0x00000287933f6e10 code [0x00000287933f6fc0, 0x00000287933f7138]
Event: 53.093 Thread 0x00000287a5c31340 3440       3       java.util.zip.ZipFile::getZipEntry (322 bytes)
Event: 53.097 Thread 0x00000287a5c31340 nmethod 3440 0x00000287933f7210 code [0x00000287933f7680, 0x00000287933f9d58]
Event: 53.097 Thread 0x00000287a5c31340 3439       3       java.util.zip.ZipUtils::CH (8 bytes)
Event: 53.097 Thread 0x00000287a5c31340 nmethod 3439 0x00000287933fac10 code [0x00000287933fada0, 0x00000287933faeb8]
Event: 53.097 Thread 0x00000287a5c31340 3441       3       java.util.zip.ZipUtils::CENATX_PERMS (9 bytes)
Event: 53.097 Thread 0x00000287a5c31340 nmethod 3441 0x00000287933faf90 code [0x00000287933fb140, 0x00000287933fb2f8]
Event: 53.098 Thread 0x00000287a5c31340 3442       3       java.util.zip.ZipFile$Source::getEntryPos (9 bytes)
Event: 53.098 Thread 0x00000287a5c31340 nmethod 3442 0x00000287933fb410 code [0x00000287933fb5a0, 0x00000287933fb6d8]
Event: 53.098 Thread 0x00000287a5c31340 3443       3       java.util.zip.ZipFile$ZipEntryIterator::hasNext (17 bytes)
Event: 53.099 Thread 0x00000287a5c31340 nmethod 3443 0x00000287933fb790 code [0x00000287933fb920, 0x00000287933fba98]
Event: 53.162 Thread 0x00000287a5c30a30 3444   !   4       jdk.internal.loader.URLClassPath$JarLoader::getResource (354 bytes)
Event: 53.316 Thread 0x00000287a5c31340 3445       3       java.lang.invoke.LambdaFormEditor$TransformKey::bval (26 bytes)
Event: 53.316 Thread 0x00000287a5c31340 nmethod 3445 0x00000287933fbb10 code [0x00000287933fbca0, 0x00000287933fbd98]

GC Heap History (8 events):
Event: 3.815 GC heap before
{Heap before GC invocations=0 (full 0):
 garbage-first heap   total 262144K, used 13312K [0x00000000e0000000, 0x0000000100000000)
  region size 1024K, 13 young (13312K), 0 survivors (0K)
 Metaspace       used 782K, committed 896K, reserved 393216K
  class space    used 61K, committed 128K, reserved 327680K
}
Event: 3.923 GC heap after
{Heap after GC invocations=1 (full 0):
 garbage-first heap   total 262144K, used 1240K [0x00000000e0000000, 0x0000000100000000)
  region size 1024K, 2 young (2048K), 2 survivors (2048K)
 Metaspace       used 782K, committed 896K, reserved 393216K
  class space    used 61K, committed 128K, reserved 327680K
}
Event: 10.381 GC heap before
{Heap before GC invocations=1 (full 0):
 garbage-first heap   total 262144K, used 22744K [0x00000000e0000000, 0x0000000100000000)
  region size 1024K, 21 young (21504K), 2 survivors (2048K)
 Metaspace       used 1898K, committed 2048K, reserved 393216K
  class space    used 181K, committed 256K, reserved 327680K
}
Event: 10.390 GC heap after
{Heap after GC invocations=2 (full 0):
 garbage-first heap   total 262144K, used 9963K [0x00000000e0000000, 0x0000000100000000)
  region size 1024K, 3 young (3072K), 3 survivors (3072K)
 Metaspace       used 1898K, committed 2048K, reserved 393216K
  class space    used 181K, committed 256K, reserved 327680K
}
Event: 32.799 GC heap before
{Heap before GC invocations=2 (full 0):
 garbage-first heap   total 262144K, used 165611K [0x00000000e0000000, 0x0000000100000000)
  region size 1024K, 153 young (156672K), 3 survivors (3072K)
 Metaspace       used 18062K, committed 18368K, reserved 393216K
  class space    used 2580K, committed 2752K, reserved 327680K
}
Event: 32.873 GC heap after
{Heap after GC invocations=3 (full 0):
 garbage-first heap   total 262144K, used 22190K [0x00000000e0000000, 0x0000000100000000)
  region size 1024K, 14 young (14336K), 14 survivors (14336K)
 Metaspace       used 18062K, committed 18368K, reserved 393216K
  class space    used 2580K, committed 2752K, reserved 327680K
}
Event: 39.823 GC heap before
{Heap before GC invocations=3 (full 0):
 garbage-first heap   total 262144K, used 48814K [0x00000000e0000000, 0x0000000100000000)
  region size 1024K, 42 young (43008K), 14 survivors (14336K)
 Metaspace       used 21162K, committed 21504K, reserved 393216K
  class space    used 3075K, committed 3264K, reserved 327680K
}
Event: 39.853 GC heap after
{Heap after GC invocations=4 (full 0):
 garbage-first heap   total 262144K, used 24829K [0x00000000e0000000, 0x0000000100000000)
  region size 1024K, 3 young (3072K), 3 survivors (3072K)
 Metaspace       used 21162K, committed 21504K, reserved 393216K
  class space    used 3075K, committed 3264K, reserved 327680K
}

Dll operation events (15 events):
Event: 0.044 Loaded shared library C:\Program Files\Eclipse Adoptium\jdk-17.0.16.8-hotspot\bin\java.dll
Event: 0.124 Loaded shared library C:\Program Files\Eclipse Adoptium\jdk-17.0.16.8-hotspot\bin\jsvml.dll
Event: 0.389 Loaded shared library C:\Program Files\Eclipse Adoptium\jdk-17.0.16.8-hotspot\bin\zip.dll
Event: 0.396 Loaded shared library C:\Program Files\Eclipse Adoptium\jdk-17.0.16.8-hotspot\bin\instrument.dll
Event: 0.424 Loaded shared library C:\Program Files\Eclipse Adoptium\jdk-17.0.16.8-hotspot\bin\net.dll
Event: 0.432 Loaded shared library C:\Program Files\Eclipse Adoptium\jdk-17.0.16.8-hotspot\bin\nio.dll
Event: 0.439 Loaded shared library C:\Program Files\Eclipse Adoptium\jdk-17.0.16.8-hotspot\bin\zip.dll
Event: 5.021 Loaded shared library C:\Program Files\Eclipse Adoptium\jdk-17.0.16.8-hotspot\bin\jimage.dll
Event: 9.409 Loaded shared library C:\Program Files\Eclipse Adoptium\jdk-17.0.16.8-hotspot\bin\verify.dll
Event: 10.525 Loaded shared library C:\Users\User\.gradle\native\1def1411415f61bf3af743bc5b6707747c0891f09f0c88961ee8f79bc544acac\windows-amd64\native-platform.dll
Event: 10.685 Loaded shared library C:\Users\User\.gradle\native\0.2.7\x86_64-windows-gnu\gradle-fileevents.dll
Event: 17.987 Loaded shared library C:\Program Files\Eclipse Adoptium\jdk-17.0.16.8-hotspot\bin\management.dll
Event: 18.137 Loaded shared library C:\Program Files\Eclipse Adoptium\jdk-17.0.16.8-hotspot\bin\management_ext.dll
Event: 20.279 Loaded shared library C:\Program Files\Eclipse Adoptium\jdk-17.0.16.8-hotspot\bin\extnet.dll
Event: 23.285 Loaded shared library C:\Program Files\Eclipse Adoptium\jdk-17.0.16.8-hotspot\bin\sunmscapi.dll

Deoptimization events (20 events):
Event: 46.177 Thread 0x00000287bf175dd0 DEOPT PACKING pc=0x0000028792f83d61 sp=0x000000ff2aefaa60
Event: 46.177 Thread 0x00000287bf175dd0 DEOPT UNPACKING pc=0x000002879a277143 sp=0x000000ff2aef9fe0 mode 0
Event: 46.727 Thread 0x00000287bf175dd0 DEOPT PACKING pc=0x000002879314861b sp=0x000000ff2aefa5f0
Event: 46.727 Thread 0x00000287bf175dd0 DEOPT UNPACKING pc=0x000002879a277143 sp=0x000000ff2aef9b10 mode 0
Event: 47.105 Thread 0x00000287bf175dd0 DEOPT PACKING pc=0x00000287930b5b1c sp=0x000000ff2aef9d20
Event: 47.105 Thread 0x00000287bf175dd0 DEOPT UNPACKING pc=0x000002879a277143 sp=0x000000ff2aef9198 mode 0
Event: 48.461 Thread 0x00000287bf175dd0 DEOPT PACKING pc=0x000002879337b3d0 sp=0x000000ff2aefa010
Event: 48.461 Thread 0x00000287bf175dd0 DEOPT UNPACKING pc=0x000002879a277143 sp=0x000000ff2aef9528 mode 0
Event: 52.950 Thread 0x00000287bf175dd0 Uncommon trap: trap_request=0xffffffde fr.pc=0x000002879a7cc1c4 relative=0x00000000000001a4
Event: 52.950 Thread 0x00000287bf175dd0 Uncommon trap: reason=class_check action=maybe_recompile pc=0x000002879a7cc1c4 method=java.lang.String.equals(Ljava/lang/Object;)Z @ 8 c2
Event: 52.950 Thread 0x00000287bf175dd0 DEOPT PACKING pc=0x000002879a7cc1c4 sp=0x000000ff2aef9310
Event: 52.950 Thread 0x00000287bf175dd0 DEOPT UNPACKING pc=0x000002879a2769a3 sp=0x000000ff2aef92b8 mode 2
Event: 52.987 Thread 0x00000287bf175dd0 Uncommon trap: trap_request=0xffffffde fr.pc=0x000002879a7cc1c4 relative=0x00000000000001a4
Event: 52.987 Thread 0x00000287bf175dd0 Uncommon trap: reason=class_check action=maybe_recompile pc=0x000002879a7cc1c4 method=java.lang.String.equals(Ljava/lang/Object;)Z @ 8 c2
Event: 52.987 Thread 0x00000287bf175dd0 DEOPT PACKING pc=0x000002879a7cc1c4 sp=0x000000ff2aef9040
Event: 52.987 Thread 0x00000287bf175dd0 DEOPT UNPACKING pc=0x000002879a2769a3 sp=0x000000ff2aef8fe8 mode 2
Event: 53.083 Thread 0x00000287bf175dd0 Uncommon trap: trap_request=0xffffff54 fr.pc=0x000002879a88a380 relative=0x0000000000001240
Event: 53.083 Thread 0x00000287bf175dd0 Uncommon trap: reason=speculate_null_assert action=make_not_entrant pc=0x000002879a88a380 method=jdk.internal.loader.URLClassPath$JarLoader.getResource(Ljava/lang/String;ZLjava/util/Set;)Ljdk/internal/loader/Resource; @ 17 c2
Event: 53.083 Thread 0x00000287bf175dd0 DEOPT PACKING pc=0x000002879a88a380 sp=0x000000ff2aef4940
Event: 53.083 Thread 0x00000287bf175dd0 DEOPT UNPACKING pc=0x000002879a2769a3 sp=0x000000ff2aef48e8 mode 2

Classes loaded (20 events):
Event: 49.041 Loading class java/util/concurrent/locks/ReentrantReadWriteLock$Sync done
Event: 49.041 Loading class java/util/concurrent/locks/ReentrantReadWriteLock$NonfairSync done
Event: 49.042 Loading class java/util/concurrent/locks/ReentrantReadWriteLock$Sync$ThreadLocalHoldCounter
Event: 49.042 Loading class java/util/concurrent/locks/ReentrantReadWriteLock$Sync$ThreadLocalHoldCounter done
Event: 49.042 Loading class java/util/concurrent/locks/ReentrantReadWriteLock$ReadLock
Event: 49.042 Loading class java/util/concurrent/locks/ReentrantReadWriteLock$ReadLock done
Event: 49.042 Loading class java/util/concurrent/locks/ReentrantReadWriteLock$WriteLock
Event: 49.042 Loading class java/util/concurrent/locks/ReentrantReadWriteLock$WriteLock done
Event: 49.165 Loading class java/util/concurrent/Executors$FinalizableDelegatedExecutorService
Event: 49.219 Loading class java/util/concurrent/Executors$DelegatedExecutorService
Event: 49.226 Loading class java/util/concurrent/Executors$DelegatedExecutorService done
Event: 49.226 Loading class java/util/concurrent/Executors$FinalizableDelegatedExecutorService done
Event: 51.191 Loading class java/lang/StringIndexOutOfBoundsException
Event: 51.192 Loading class java/lang/StringIndexOutOfBoundsException done
Event: 53.015 Loading class java/io/StringReader
Event: 53.015 Loading class java/io/StringReader done
Event: 53.084 Loading class java/util/zip/ZipFile$ZipEntryIterator
Event: 53.085 Loading class java/util/zip/ZipFile$ZipEntryIterator done
Event: 53.112 Loading class java/math/MutableBigInteger
Event: 53.114 Loading class java/math/MutableBigInteger done

Classes unloaded (0 events):
No events

Classes redefined (0 events):
No events

Internal exceptions (20 events):
Event: 48.372 Thread 0x00000287bf175dd0 Exception <a 'java/lang/NoSuchMethodError'{0x00000000ee628650}: static Lorg/jetbrains/plugins/gradle/model/DependencyAccessorsModel;.<clinit>()V> (0x00000000ee628650) 
thrown [s\src\hotspot\share\prims\jni.cpp, line 1112]
Event: 48.446 Thread 0x00000287bf175dd0 Exception <a 'java/lang/NoSuchMethodError'{0x00000000ee6502e8}: static Lcom/intellij/gradle/toolingExtension/impl/model/taskModel/GradleTaskModelProvider;.<clinit>()V> (0x00000000ee6502e8) 
thrown [s\src\hotspot\share\prims\jni.cpp, line 1112]
Event: 48.476 Thread 0x00000287bf175dd0 Exception <a 'java/lang/NoSuchMethodError'{0x00000000ee666240}: static Lcom/intellij/gradle/toolingExtension/impl/model/buildScriptClasspathModel/GradleBuildScriptClasspathModelProvider;.<clinit>()V> (0x00000000ee666240) 
thrown [s\src\hotspot\share\prims\jni.cpp, line 1112]
Event: 48.484 Thread 0x00000287bf175dd0 Exception <a 'java/lang/NoSuchMethodError'{0x00000000ee67bdd8}: static Lcom/intellij/gradle/toolingExtension/impl/model/warmUp/GradleTaskWarmUpModelProvider;.<clinit>()V> (0x00000000ee67bdd8) 
thrown [s\src\hotspot\share\prims\jni.cpp, line 1112]
Event: 48.509 Thread 0x00000287bf175dd0 Exception <a 'java/lang/NoSuchMethodError'{0x00000000ee692350}: static Lcom/intellij/gradle/toolingExtension/impl/model/sourceSetModel/GradleSourceSetModelProvider;.<clinit>()V> (0x00000000ee692350) 
thrown [s\src\hotspot\share\prims\jni.cpp, line 1112]
Event: 48.528 Thread 0x00000287bf175dd0 Exception <a 'java/lang/NoSuchMethodError'{0x00000000ee6a9b98}: static Lcom/intellij/gradle/toolingExtension/impl/model/sourceSetDependencyModel/GradleSourceSetDependencyModelProvider;.<clinit>()V> (0x00000000ee6a9b98) 
thrown [s\src\hotspot\share\prims\jni.cpp, line 1112]
Event: 48.654 Thread 0x00000287bf175dd0 Exception <a 'java/lang/NoSuchMethodError'{0x00000000ee6cdc10}: static Lorg/jetbrains/plugins/gradle/model/ExternalProjectDependency;.<clinit>()V> (0x00000000ee6cdc10) 
thrown [s\src\hotspot\share\prims\jni.cpp, line 1112]
Event: 48.659 Thread 0x00000287bf175dd0 Exception <a 'java/lang/NoSuchMethodError'{0x00000000ee6db100}: static Lorg/jetbrains/plugins/gradle/model/ExternalLibraryDependency;.<clinit>()V> (0x00000000ee6db100) 
thrown [s\src\hotspot\share\prims\jni.cpp, line 1112]
Event: 48.663 Thread 0x00000287bf175dd0 Exception <a 'java/lang/NoSuchMethodError'{0x00000000ee6e8068}: static Lorg/jetbrains/plugins/gradle/model/FileCollectionDependency;.<clinit>()V> (0x00000000ee6e8068) 
thrown [s\src\hotspot\share\prims\jni.cpp, line 1112]
Event: 48.665 Thread 0x00000287bf175dd0 Exception <a 'java/lang/NoSuchMethodError'{0x00000000ee6f4c08}: static Lorg/jetbrains/plugins/gradle/model/UnresolvedExternalDependency;.<clinit>()V> (0x00000000ee6f4c08) 
thrown [s\src\hotspot\share\prims\jni.cpp, line 1112]
Event: 48.844 Thread 0x00000287bf175dd0 Exception <a 'java/lang/NoSuchMethodError'{0x00000000ee5a0a18}: static Lorg/gradle/tooling/internal/consumer/versioning/VersionDetails;.<clinit>()V> (0x00000000ee5a0a18) 
thrown [s\src\hotspot\share\prims\jni.cpp, line 1112]
Event: 48.849 Thread 0x00000287bf175dd0 Exception <a 'java/lang/NoSuchMethodError'{0x00000000ee5a33c0}: static Lorg/gradle/tooling/internal/consumer/versioning/VersionDetails$R26VersionDetails;.<clinit>()V> (0x00000000ee5a33c0) 
thrown [s\src\hotspot\share\prims\jni.cpp, line 1112]
Event: 48.851 Thread 0x00000287bf175dd0 Exception <a 'java/lang/NoSuchMethodError'{0x00000000ee5a4938}: static Lorg/gradle/tooling/internal/consumer/versioning/VersionDetails$R28VersionDetails;.<clinit>()V> (0x00000000ee5a4938) 
thrown [s\src\hotspot\share\prims\jni.cpp, line 1112]
Event: 48.852 Thread 0x00000287bf175dd0 Exception <a 'java/lang/NoSuchMethodError'{0x00000000ee5a5e40}: static Lorg/gradle/tooling/internal/consumer/versioning/VersionDetails$R35VersionDetails;.<clinit>()V> (0x00000000ee5a5e40) 
thrown [s\src\hotspot\share\prims\jni.cpp, line 1112]
Event: 48.852 Thread 0x00000287bf175dd0 Exception <a 'java/lang/NoSuchMethodError'{0x00000000ee5a7510}: static Lorg/gradle/tooling/internal/consumer/versioning/VersionDetails$R44VersionDetails;.<clinit>()V> (0x00000000ee5a7510) 
thrown [s\src\hotspot\share\prims\jni.cpp, line 1112]
Event: 48.852 Thread 0x00000287bf175dd0 Exception <a 'java/lang/NoSuchMethodError'{0x00000000ee5a8b18}: static Lorg/gradle/tooling/internal/consumer/versioning/VersionDetails$R48VersionDetails;.<clinit>()V> (0x00000000ee5a8b18) 
thrown [s\src\hotspot\share\prims\jni.cpp, line 1112]
Event: 48.854 Thread 0x00000287bf175dd0 Exception <a 'java/lang/NoSuchMethodError'{0x00000000ee5a9d18}: static Lorg/gradle/tooling/internal/consumer/versioning/VersionDetails$R51VersionDetails;.<clinit>()V> (0x00000000ee5a9d18) 
thrown [s\src\hotspot\share\prims\jni.cpp, line 1112]
Event: 48.864 Thread 0x00000287bf175dd0 Exception <a 'java/lang/NoSuchMethodError'{0x00000000ee5cba50}: 'java.lang.Object java.lang.invoke.DirectMethodHandle$Holder.newInvokeSpecial(java.lang.Object, java.lang.Object, java.lang.Object, int)'> (0x00000000ee5cba50) 
thrown [s\src\hotspot\share\interpreter\linkResolver.cpp, line 759]
Event: 48.871 Thread 0x00000287bf175dd0 Exception <a 'java/lang/NoSuchMethodError'{0x00000000ee5d0138}: 'java.lang.Object java.lang.invoke.DirectMethodHandle$Holder.invokeSpecial(java.lang.Object, java.lang.Object, java.lang.Object, java.lang.Object, int)'> (0x00000000ee5d0138) 
thrown [s\src\hotspot\share\interpreter\linkResolver.cpp, line 759]
Event: 48.873 Thread 0x00000287bf175dd0 Exception <a 'java/lang/NoSuchMethodError'{0x00000000ee5d3fa8}: 'java.lang.Object java.lang.invoke.Invokers$Holder.linkToTargetMethod(java.lang.Object, java.lang.Object, int, java.lang.Object)'> (0x00000000ee5d3fa8) 
thrown [s\src\hotspot\share\interpreter\linkResolver.cpp, line 759]

VM Operations (20 events):
Event: 44.756 Executing VM operation: HandshakeAllThreads
Event: 44.756 Executing VM operation: HandshakeAllThreads done
Event: 45.759 Executing VM operation: Cleanup
Event: 45.775 Executing VM operation: Cleanup done
Event: 46.781 Executing VM operation: Cleanup
Event: 46.782 Executing VM operation: Cleanup done
Event: 47.792 Executing VM operation: Cleanup
Event: 47.792 Executing VM operation: Cleanup done
Event: 48.799 Executing VM operation: Cleanup
Event: 48.814 Executing VM operation: Cleanup done
Event: 49.227 Executing VM operation: HandshakeAllThreads
Event: 49.227 Executing VM operation: HandshakeAllThreads done
Event: 50.235 Executing VM operation: Cleanup
Event: 50.254 Executing VM operation: Cleanup done
Event: 51.260 Executing VM operation: Cleanup
Event: 51.276 Executing VM operation: Cleanup done
Event: 51.329 Executing VM operation: HandshakeAllThreads
Event: 51.329 Executing VM operation: HandshakeAllThreads done
Event: 52.329 Executing VM operation: Cleanup
Event: 52.346 Executing VM operation: Cleanup done

Memory protections (0 events):
No events

Nmethod flushes (0 events):
No events

Events (20 events):
Event: 23.174 Thread 0x0000028789bdba10 Thread added: 0x00000287c09c1560
Event: 23.728 Thread 0x00000287c06ec470 Thread added: 0x00000287c0abd030
Event: 23.825 Thread 0x00000287c0abd030 Thread added: 0x00000287c0abd8e0
Event: 24.580 Thread 0x00000287c0abd030 Thread added: 0x00000287bf1762e0
Event: 25.049 Thread 0x00000287c0abd030 Thread added: 0x00000287bf175dd0
Event: 25.165 Thread 0x00000287bf175dd0 Thread added: 0x00000287bf174480
Event: 25.236 Thread 0x00000287bf175dd0 Thread added: 0x00000287bf1767f0
Event: 25.256 Thread 0x00000287bf175dd0 Thread added: 0x00000287bf177c30
Event: 29.217 Thread 0x00000287bf175dd0 Thread added: 0x00000287bf176d00
Event: 29.276 Thread 0x00000287bf175dd0 Thread added: 0x00000287bf1753b0
Event: 29.762 Thread 0x00000287bf175dd0 Thread added: 0x00000287bf177210
Event: 35.626 Thread 0x00000287bf1753b0 Thread added: 0x00000287c24011c0
Event: 38.990 Thread 0x00000287bf175dd0 Thread added: 0x00000287c2400290
Event: 39.479 Thread 0x00000287bf175dd0 Thread added: 0x00000287c2400cb0
Event: 43.145 Thread 0x00000287bf175dd0 Thread added: 0x00000287c23fe940
Event: 43.215 Thread 0x00000287bf175dd0 Thread added: 0x00000287c23ffd80
Event: 45.356 Thread 0x00000287bf175dd0 Thread added: 0x00000287c24016d0
Event: 45.356 Thread 0x00000287bf175dd0 Thread added: 0x00000287c23fdf20
Event: 45.356 Thread 0x00000287bf175dd0 Thread added: 0x00000287c23fee50
Event: 45.356 Thread 0x00000287bf175dd0 Thread added: 0x00000287c23ff360


Dynamic libraries:
0x00007ff628220000 - 0x00007ff62822e000 	C:\Program Files\Eclipse Adoptium\jdk-17.0.16.8-hotspot\bin\java.exe
0x00007ffd136a0000 - 0x00007ffd13909000 	C:\WINDOWS\SYSTEM32\ntdll.dll
0x00007ffd13350000 - 0x00007ffd13419000 	C:\WINDOWS\System32\KERNEL32.DLL
0x00007ffd11040000 - 0x00007ffd11433000 	C:\WINDOWS\System32\KERNELBASE.dll
0x00007ffd10a20000 - 0x00007ffd10b6b000 	C:\WINDOWS\System32\ucrtbase.dll
0x00007ffd03da0000 - 0x00007ffd03db7000 	C:\Program Files\Eclipse Adoptium\jdk-17.0.16.8-hotspot\bin\jli.dll
0x00007ffd12210000 - 0x00007ffd123d4000 	C:\WINDOWS\System32\USER32.dll
0x00007ffd11440000 - 0x00007ffd11467000 	C:\WINDOWS\System32\win32u.dll
0x00007ffd13210000 - 0x00007ffd1323b000 	C:\WINDOWS\System32\GDI32.dll
0x00007ffd10830000 - 0x00007ffd1095d000 	C:\WINDOWS\System32\gdi32full.dll
0x00007ffd10b70000 - 0x00007ffd10c13000 	C:\WINDOWS\System32\msvcp_win.dll
0x00007ffd01060000 - 0x00007ffd012f3000 	C:\WINDOWS\WinSxS\amd64_microsoft.windows.common-controls_6595b64144ccf1df_6.0.26100.5074_none_3e0d6f78e32fd63f\COMCTL32.dll
0x00007ffd116e0000 - 0x00007ffd11789000 	C:\WINDOWS\System32\msvcrt.dll
0x00007ffd049f0000 - 0x00007ffd04a0e000 	C:\Program Files\Eclipse Adoptium\jdk-17.0.16.8-hotspot\bin\VCRUNTIME140.dll
0x00007ffd11810000 - 0x00007ffd1183f000 	C:\WINDOWS\System32\IMM32.DLL
0x00007ffd0ba70000 - 0x00007ffd0ba7c000 	C:\Program Files\Eclipse Adoptium\jdk-17.0.16.8-hotspot\bin\vcruntime140_1.dll
0x00007ffceb290000 - 0x00007ffceb31d000 	C:\Program Files\Eclipse Adoptium\jdk-17.0.16.8-hotspot\bin\msvcp140.dll
0x00007ffcbe430000 - 0x00007ffcbf09b000 	C:\Program Files\Eclipse Adoptium\jdk-17.0.16.8-hotspot\bin\server\jvm.dll
0x00007ffd115a0000 - 0x00007ffd11654000 	C:\WINDOWS\System32\ADVAPI32.dll
0x00007ffd132a0000 - 0x00007ffd13346000 	C:\WINDOWS\System32\sechost.dll
0x00007ffd11480000 - 0x00007ffd11598000 	C:\WINDOWS\System32\RPCRT4.dll
0x00007ffd11de0000 - 0x00007ffd11e54000 	C:\WINDOWS\System32\WS2_32.dll
0x00007ffd10690000 - 0x00007ffd106ee000 	C:\WINDOWS\SYSTEM32\POWRPROF.dll
0x00007ffd09bb0000 - 0x00007ffd09be5000 	C:\WINDOWS\SYSTEM32\WINMM.dll
0x00007ffd09bf0000 - 0x00007ffd09bfb000 	C:\WINDOWS\SYSTEM32\VERSION.dll
0x00007ffd10670000 - 0x00007ffd10684000 	C:\WINDOWS\SYSTEM32\UMPDC.dll
0x00007ffd0f610000 - 0x00007ffd0f62b000 	C:\WINDOWS\SYSTEM32\kernel.appcore.dll
0x00007ffd0b120000 - 0x00007ffd0b12a000 	C:\Program Files\Eclipse Adoptium\jdk-17.0.16.8-hotspot\bin\jimage.dll
0x00007ffd06bc0000 - 0x00007ffd06e02000 	C:\WINDOWS\SYSTEM32\DBGHELP.DLL
0x00007ffd12d90000 - 0x00007ffd1310b000 	C:\WINDOWS\System32\combase.dll
0x00007ffd13580000 - 0x00007ffd13657000 	C:\WINDOWS\System32\OLEAUT32.dll
0x00007ffcfdf30000 - 0x00007ffcfdf6d000 	C:\WINDOWS\SYSTEM32\dbgcore.DLL
0x00007ffd10da0000 - 0x00007ffd10e39000 	C:\WINDOWS\System32\bcryptPrimitives.dll
0x00007ffd04940000 - 0x00007ffd0494e000 	C:\Program Files\Eclipse Adoptium\jdk-17.0.16.8-hotspot\bin\instrument.dll
0x00007ffcee0d0000 - 0x00007ffcee0f5000 	C:\Program Files\Eclipse Adoptium\jdk-17.0.16.8-hotspot\bin\java.dll
0x00007ffceae90000 - 0x00007ffceaf67000 	C:\Program Files\Eclipse Adoptium\jdk-17.0.16.8-hotspot\bin\jsvml.dll
0x00007ffd12580000 - 0x00007ffd12ccd000 	C:\WINDOWS\System32\SHELL32.dll
0x00007ffd10e40000 - 0x00007ffd10fac000 	C:\WINDOWS\System32\wintypes.dll
0x00007ffd0e490000 - 0x00007ffd0ece9000 	C:\WINDOWS\SYSTEM32\windows.storage.dll
0x00007ffd123f0000 - 0x00007ffd124e0000 	C:\WINDOWS\System32\SHCORE.dll
0x00007ffd11ce0000 - 0x00007ffd11d42000 	C:\WINDOWS\System32\shlwapi.dll
0x00007ffd10750000 - 0x00007ffd10779000 	C:\WINDOWS\SYSTEM32\profapi.dll
0x00007ffd02b90000 - 0x00007ffd02ba8000 	C:\Program Files\Eclipse Adoptium\jdk-17.0.16.8-hotspot\bin\zip.dll
0x00007ffcffdd0000 - 0x00007ffcffde9000 	C:\Program Files\Eclipse Adoptium\jdk-17.0.16.8-hotspot\bin\net.dll
0x00007ffd07940000 - 0x00007ffd07a5f000 	C:\WINDOWS\SYSTEM32\WINHTTP.dll
0x00007ffd0fb90000 - 0x00007ffd0fbfb000 	C:\WINDOWS\system32\mswsock.dll
0x00007ffcf76a0000 - 0x00007ffcf76b6000 	C:\Program Files\Eclipse Adoptium\jdk-17.0.16.8-hotspot\bin\nio.dll
0x00007ffd04920000 - 0x00007ffd04930000 	C:\Program Files\Eclipse Adoptium\jdk-17.0.16.8-hotspot\bin\verify.dll
0x00007ffcee2a0000 - 0x00007ffcee2c7000 	C:\Users\User\.gradle\native\1def1411415f61bf3af743bc5b6707747c0891f09f0c88961ee8f79bc544acac\windows-amd64\native-platform.dll
0x00007ffceae10000 - 0x00007ffceae88000 	C:\Users\User\.gradle\native\0.2.7\x86_64-windows-gnu\gradle-fileevents.dll
0x00007ffd04880000 - 0x00007ffd0488a000 	C:\Program Files\Eclipse Adoptium\jdk-17.0.16.8-hotspot\bin\management.dll
0x00007ffd03d50000 - 0x00007ffd03d5b000 	C:\Program Files\Eclipse Adoptium\jdk-17.0.16.8-hotspot\bin\management_ext.dll
0x00007ffd11d50000 - 0x00007ffd11d58000 	C:\WINDOWS\System32\PSAPI.DLL
0x00007ffd0f040000 - 0x00007ffd0f074000 	C:\WINDOWS\SYSTEM32\IPHLPAPI.DLL
0x00007ffd11470000 - 0x00007ffd1147a000 	C:\WINDOWS\System32\NSI.dll
0x00007ffd07cf0000 - 0x00007ffd07d0e000 	C:\WINDOWS\SYSTEM32\dhcpcsvc6.DLL
0x00007ffd07bf0000 - 0x00007ffd07c13000 	C:\WINDOWS\SYSTEM32\dhcpcsvc.DLL
0x00007ffd0f0e0000 - 0x00007ffd0f206000 	C:\WINDOWS\SYSTEM32\DNSAPI.dll
0x00007ffd00c90000 - 0x00007ffd00c99000 	C:\Program Files\Eclipse Adoptium\jdk-17.0.16.8-hotspot\bin\extnet.dll
0x00007ffd0fe30000 - 0x00007ffd0fe4b000 	C:\WINDOWS\SYSTEM32\CRYPTSP.dll
0x00007ffd0f570000 - 0x00007ffd0f5ab000 	C:\WINDOWS\system32\rsaenh.dll
0x00007ffd0fc30000 - 0x00007ffd0fc5b000 	C:\WINDOWS\SYSTEM32\USERENV.dll
0x00007ffd10720000 - 0x00007ffd10746000 	C:\WINDOWS\SYSTEM32\bcrypt.dll
0x00007ffd0fe50000 - 0x00007ffd0fe5c000 	C:\WINDOWS\SYSTEM32\CRYPTBASE.dll
0x00007ffd000c0000 - 0x00007ffd000ce000 	C:\Program Files\Eclipse Adoptium\jdk-17.0.16.8-hotspot\bin\sunmscapi.dll
0x00007ffd10c20000 - 0x00007ffd10d97000 	C:\WINDOWS\System32\CRYPT32.dll
0x00007ffd10050000 - 0x00007ffd10080000 	C:\WINDOWS\SYSTEM32\ncrypt.dll
0x00007ffd10000000 - 0x00007ffd1003f000 	C:\WINDOWS\SYSTEM32\NTASN1.dll
0x00007ffce05a0000 - 0x00007ffce05a8000 	C:\WINDOWS\system32\wshunix.dll

dbghelp: loaded successfully - version: 4.0.5 - missing functions: none
symbol engine: initialized successfully - sym options: 0x614 - pdb path: .;C:\Program Files\Eclipse Adoptium\jdk-17.0.16.8-hotspot\bin;C:\WINDOWS\SYSTEM32;C:\WINDOWS\WinSxS\amd64_microsoft.windows.common-controls_6595b64144ccf1df_6.0.26100.5074_none_3e0d6f78e32fd63f;C:\Program Files\Eclipse Adoptium\jdk-17.0.16.8-hotspot\bin\server;C:\Users\User\.gradle\native\1def1411415f61bf3af743bc5b6707747c0891f09f0c88961ee8f79bc544acac\windows-amd64;C:\Users\User\.gradle\native\0.2.7\x86_64-windows-gnu

VM Arguments:
jvm_args: --add-opens=java.base/java.lang=ALL-UNNAMED --add-opens=java.base/java.lang.invoke=ALL-UNNAMED --add-opens=java.base/java.util=ALL-UNNAMED --add-opens=java.prefs/java.util.prefs=ALL-UNNAMED --add-exports=jdk.compiler/com.sun.tools.javac.api=ALL-UNNAMED --add-exports=jdk.compiler/com.sun.tools.javac.util=ALL-UNNAMED --add-opens=java.base/java.util=ALL-UNNAMED --add-opens=java.prefs/java.util.prefs=ALL-UNNAMED --add-opens=java.base/java.nio.charset=ALL-UNNAMED --add-opens=java.base/java.net=ALL-UNNAMED --add-opens=java.base/java.util.concurrent.atomic=ALL-UNNAMED --add-opens=java.xml/javax.xml.namespace=ALL-UNNAMED -XX:MaxMetaspaceSize=384m -XX:+HeapDumpOnOutOfMemoryError -Xms256m -Xmx512m -Dfile.encoding=UTF-8 -Duser.country=IN -Duser.language=en -Duser.variant -javaagent:C:\Users\User\.gradle\wrapper\dists\gradle-8.14.3-bin\cv11ve7ro1n3o1j4so8xd9n66\gradle-8.14.3\lib\agents\gradle-instrumentation-agent-8.14.3.jar 
java_command: org.gradle.launcher.daemon.bootstrap.GradleDaemon 8.14.3
java_class_path (initial): C:\Users\User\.gradle\wrapper\dists\gradle-8.14.3-bin\cv11ve7ro1n3o1j4so8xd9n66\gradle-8.14.3\lib\gradle-daemon-main-8.14.3.jar
Launcher Type: SUN_STANDARD

[Global flags]
     intx CICompilerCount                          = 3                                         {product} {ergonomic}
   size_t CompressedClassSpaceSize                 = 335544320                                 {product} {ergonomic}
     uint ConcGCThreads                            = 1                                         {product} {ergonomic}
     uint G1ConcRefinementThreads                  = 4                                         {product} {ergonomic}
   size_t G1HeapRegionSize                         = 1048576                                   {product} {ergonomic}
    uintx GCDrainStackTargetSize                   = 64                                        {product} {ergonomic}
     bool HeapDumpOnOutOfMemoryError               = true                                   {manageable} {command line}
   size_t InitialHeapSize                          = 268435456                                 {product} {command line}
   size_t MarkStackSize                            = 4194304                                   {product} {ergonomic}
   size_t MaxHeapSize                              = 536870912                                 {product} {command line}
   size_t MaxMetaspaceSize                         = 402653184                                 {product} {command line}
   size_t MaxNewSize                               = 321912832                                 {product} {ergonomic}
   size_t MinHeapDeltaBytes                        = 1048576                                   {product} {ergonomic}
   size_t MinHeapSize                              = 268435456                                 {product} {command line}
    uintx NonNMethodCodeHeapSize                   = 5832780                                {pd product} {ergonomic}
    uintx NonProfiledCodeHeapSize                  = 122912730                              {pd product} {ergonomic}
    uintx ProfiledCodeHeapSize                     = 122912730                              {pd product} {ergonomic}
    uintx ReservedCodeCacheSize                    = 251658240                              {pd product} {ergonomic}
     bool SegmentedCodeCache                       = true                                      {product} {ergonomic}
   size_t SoftMaxHeapSize                          = 536870912                              {manageable} {ergonomic}
     bool UseCompressedClassPointers               = true                           {product lp64_product} {ergonomic}
     bool UseCompressedOops                        = true                           {product lp64_product} {ergonomic}
     bool UseG1GC                                  = true                                      {product} {ergonomic}
     bool UseLargePagesIndividualAllocation        = false                                  {pd product} {ergonomic}

Logging:
Log output configuration:
 #0: stdout all=warning uptime,level,tags
 #1: stderr all=off uptime,level,tags

Environment Variables:
JAVA_HOME=C:\Program Files\Eclipse Adoptium\jdk-17.0.16.8-hotspot
PATH=C:\Program Files\Eclipse Adoptium\jdk-17.0.16.8-hotspot\bin;C:\Python313\Scripts\;C:\Python313\;C:\Program Files\Common Files\Oracle\Java\javapath;C:\WINDOWS\system32;C:\WINDOWS;C:\WINDOWS\System32\Wbem;C:\WINDOWS\System32\WindowsPowerShell\v1.0\;C:\WINDOWS\System32\OpenSSH\;C:\mingw-w64-bin_x86_64-mingw_20111101_sezero\mingw64\bin;C:\Program Files\Git\cmd;C:\Program Files\MongoDB\Server\5.0\bin;C:\Users\User\AppData\Local\nvm;C:\nvm4w\nodejs;C:\ProgramData\chocolatey\bin;C:\Program Files\Docker\Docker\resources\bin;C:\Program Files\Apache Software Foundation\apache-maven-3.9.10\bin;C:\Program Files\MySQL\MySQL Shell 8.0\bin\;C:\Users\User\AppData\Local\Microsoft\WindowsApps;C:\Users\User\AppData\Local\Programs\Microsoft VS Code\bin;C:\Users\User\AppData\Local\nvm;C:\nvm4w\nodejs;C:\Program Files\JetBrains\IntelliJ IDEA Community Edition 2025.2.1\bin;C:\Program Files\Eclipse Adoptium\jdk-17.0.16.8-hotspot\bin;
USERNAME=User
OS=Windows_NT
PROCESSOR_IDENTIFIER=AMD64 Family 23 Model 24 Stepping 1, AuthenticAMD
TMP=C:\Users\User\AppData\Local\Temp
TEMP=C:\Users\User\AppData\Local\Temp



Periodic native trim disabled


---------------  S Y S T E M  ---------------

OS:
 Windows 11 , 64 bit Build 26100 (10.0.26100.5074)
OS uptime: 17 days 10:46 hours
Hyper-V role detected

CPU: total 4 (initial active 4) (4 cores per cpu, 2 threads per core) family 23 model 24 stepping 1 microcode 0x8108109, cx8, cmov, fxsr, ht, mmx, 3dnowpref, sse, sse2, sse3, ssse3, sse4a, sse4.1, sse4.2, popcnt, lzcnt, tsc, tscinvbit, avx, avx2, aes, clmul, bmi1, bmi2, adx, sha, fma, vzeroupper, clflush, clflushopt, hv
Processor Information for all 4 processors :
  Max Mhz: 2600, Current Mhz: 2600, Mhz Limit: 2600

Memory: 4k page, system-wide physical 3521M (392M free)
TotalPageFile size 14273M (AvailPageFile size 6M)
current process WorkingSet (physical memory assigned to process): 163M, peak: 222M
current process commit charge ("private bytes"): 409M, peak: 416M

vm_info: OpenJDK 64-Bit Server VM (17.0.16+8) for windows-amd64 JRE (17.0.16+8), built on Jul 16 2025 10:37:56 by "admin" with MS VC++ 17.7 (VS2022)

END.
